ERROR - 2022-03-24 06:02:38 --> Error connecting to the database: Accès refusé pour l'utilisateur: ''@'@localhost' (mot de passe: NON)
CRITICAL - 2022-03-24 06:02:38 --> Unable to connect to the database.
Main connection [MySQLi]: Accès refusé pour l'utilisateur: ''@'@localhost' (mot de passe: NON)
#0 C:\wamp64\www\demo\system\Database\BaseConnection.php(577): CodeIgniter\Database\BaseConnection->initialize()
#1 C:\wamp64\www\demo\system\Database\BaseBuilder.php(1771): CodeIgniter\Database\BaseConnection->query('INSERT INTO `us...', Array, false)
#2 C:\wamp64\www\demo\system\Model.php(239): CodeIgniter\Database\BaseBuilder->insert()
#3 C:\wamp64\www\demo\system\BaseModel.php(738): CodeIgniter\Model->doInsert(Array)
#4 C:\wamp64\www\demo\system\Model.php(625): CodeIgniter\BaseModel->insert(Array, false)
#5 C:\wamp64\www\demo\system\BaseModel.php(658): CodeIgniter\Model->insert(Array, false)
#6 C:\wamp64\www\demo\app\Controllers\Register.php(37): CodeIgniter\BaseModel->save(Array)
#7 C:\wamp64\www\demo\system\CodeIgniter.php(832): App\Controllers\Register->save()
#8 C:\wamp64\www\demo\system\CodeIgniter.php(419): CodeIgniter\CodeIgniter->runController(Object(App\Controllers\Register))
#9 C:\wamp64\www\demo\system\CodeIgniter.php(326): CodeIgniter\CodeIgniter->handleRequest(NULL, Object(Config\Cache), false)
#10 C:\wamp64\www\demo\public\index.php(37): CodeIgniter\CodeIgniter->run()
#11 {main}
ERROR - 2022-03-24 06:06:37 --> Error connecting to the database: Accès refusé pour l'utilisateur: ''@'@localhost' (mot de passe: NON)
CRITICAL - 2022-03-24 06:06:37 --> Unable to connect to the database.
Main connection [MySQLi]: Accès refusé pour l'utilisateur: ''@'@localhost' (mot de passe: NON)
#0 C:\wamp64\www\demo\system\Database\BaseConnection.php(577): CodeIgniter\Database\BaseConnection->initialize()
#1 C:\wamp64\www\demo\system\Database\BaseBuilder.php(1771): CodeIgniter\Database\BaseConnection->query('INSERT INTO `us...', Array, false)
#2 C:\wamp64\www\demo\system\Model.php(239): CodeIgniter\Database\BaseBuilder->insert()
#3 C:\wamp64\www\demo\system\BaseModel.php(738): CodeIgniter\Model->doInsert(Array)
#4 C:\wamp64\www\demo\system\Model.php(625): CodeIgniter\BaseModel->insert(Array, false)
#5 C:\wamp64\www\demo\system\BaseModel.php(658): CodeIgniter\Model->insert(Array, false)
#6 C:\wamp64\www\demo\app\Controllers\Register.php(37): CodeIgniter\BaseModel->save(Array)
#7 C:\wamp64\www\demo\system\CodeIgniter.php(832): App\Controllers\Register->save()
#8 C:\wamp64\www\demo\system\CodeIgniter.php(419): CodeIgniter\CodeIgniter->runController(Object(App\Controllers\Register))
#9 C:\wamp64\www\demo\system\CodeIgniter.php(326): CodeIgniter\CodeIgniter->handleRequest(NULL, Object(Config\Cache), false)
#10 C:\wamp64\www\demo\public\index.php(37): CodeIgniter\CodeIgniter->run()
#11 {main}
ERROR - 2022-03-24 06:12:19 --> Error connecting to the database: Accès refusé pour l'utilisateur: ''@'@localhost' (mot de passe: NON)
CRITICAL - 2022-03-24 06:12:19 --> Unable to connect to the database.
Main connection [MySQLi]: Accès refusé pour l'utilisateur: ''@'@localhost' (mot de passe: NON)
#0 C:\wamp64\www\demo\system\Database\BaseConnection.php(577): CodeIgniter\Database\BaseConnection->initialize()
#1 C:\wamp64\www\demo\system\Database\BaseBuilder.php(1771): CodeIgniter\Database\BaseConnection->query('INSERT INTO `us...', Array, false)
#2 C:\wamp64\www\demo\system\Model.php(239): CodeIgniter\Database\BaseBuilder->insert()
#3 C:\wamp64\www\demo\system\BaseModel.php(738): CodeIgniter\Model->doInsert(Array)
#4 C:\wamp64\www\demo\system\Model.php(625): CodeIgniter\BaseModel->insert(Array, false)
#5 C:\wamp64\www\demo\system\BaseModel.php(658): CodeIgniter\Model->insert(Array, false)
#6 C:\wamp64\www\demo\app\Controllers\Register.php(37): CodeIgniter\BaseModel->save(Array)
#7 C:\wamp64\www\demo\system\CodeIgniter.php(832): App\Controllers\Register->save()
#8 C:\wamp64\www\demo\system\CodeIgniter.php(419): CodeIgniter\CodeIgniter->runController(Object(App\Controllers\Register))
#9 C:\wamp64\www\demo\system\CodeIgniter.php(326): CodeIgniter\CodeIgniter->handleRequest(NULL, Object(Config\Cache), false)
#10 C:\wamp64\www\demo\public\index.php(37): CodeIgniter\CodeIgniter->run()
#11 {main}
ERROR - 2022-03-24 06:13:45 --> Error connecting to the database: Accès refusé pour l'utilisateur: ''@'@localhost' (mot de passe: NON)
CRITICAL - 2022-03-24 06:13:45 --> Unable to connect to the database.
Main connection [MySQLi]: Accès refusé pour l'utilisateur: ''@'@localhost' (mot de passe: NON)
#0 C:\wamp64\www\demo\system\Database\BaseConnection.php(577): CodeIgniter\Database\BaseConnection->initialize()
#1 C:\wamp64\www\demo\system\Database\BaseBuilder.php(1771): CodeIgniter\Database\BaseConnection->query('INSERT INTO `us...', Array, false)
#2 C:\wamp64\www\demo\system\Model.php(239): CodeIgniter\Database\BaseBuilder->insert()
#3 C:\wamp64\www\demo\system\BaseModel.php(738): CodeIgniter\Model->doInsert(Array)
#4 C:\wamp64\www\demo\system\Model.php(625): CodeIgniter\BaseModel->insert(Array, false)
#5 C:\wamp64\www\demo\system\BaseModel.php(658): CodeIgniter\Model->insert(Array, false)
#6 C:\wamp64\www\demo\app\Controllers\Register.php(37): CodeIgniter\BaseModel->save(Array)
#7 C:\wamp64\www\demo\system\CodeIgniter.php(832): App\Controllers\Register->save()
#8 C:\wamp64\www\demo\system\CodeIgniter.php(419): CodeIgniter\CodeIgniter->runController(Object(App\Controllers\Register))
#9 C:\wamp64\www\demo\system\CodeIgniter.php(326): CodeIgniter\CodeIgniter->handleRequest(NULL, Object(Config\Cache), false)
#10 C:\wamp64\www\demo\public\index.php(37): CodeIgniter\CodeIgniter->run()
#11 {main}
ERROR - 2022-03-24 06:29:06 --> Error connecting to the database: Accès refusé pour l'utilisateur: ''@'@localhost' (mot de passe: NON)
CRITICAL - 2022-03-24 06:29:06 --> Unable to connect to the database.
Main connection [MySQLi]: Accès refusé pour l'utilisateur: ''@'@localhost' (mot de passe: NON)
#0 C:\wamp64\www\demo\system\Database\BaseConnection.php(577): CodeIgniter\Database\BaseConnection->initialize()
#1 C:\wamp64\www\demo\system\Database\BaseBuilder.php(1771): CodeIgniter\Database\BaseConnection->query('INSERT INTO `us...', Array, false)
#2 C:\wamp64\www\demo\system\Model.php(239): CodeIgniter\Database\BaseBuilder->insert()
#3 C:\wamp64\www\demo\system\BaseModel.php(738): CodeIgniter\Model->doInsert(Array)
#4 C:\wamp64\www\demo\system\Model.php(625): CodeIgniter\BaseModel->insert(Array, false)
#5 C:\wamp64\www\demo\system\BaseModel.php(658): CodeIgniter\Model->insert(Array, false)
#6 C:\wamp64\www\demo\app\Controllers\Register.php(40): CodeIgniter\BaseModel->save(Array)
#7 C:\wamp64\www\demo\system\CodeIgniter.php(832): App\Controllers\Register->save()
#8 C:\wamp64\www\demo\system\CodeIgniter.php(419): CodeIgniter\CodeIgniter->runController(Object(App\Controllers\Register))
#9 C:\wamp64\www\demo\system\CodeIgniter.php(326): CodeIgniter\CodeIgniter->handleRequest(NULL, Object(Config\Cache), false)
#10 C:\wamp64\www\demo\public\index.php(37): CodeIgniter\CodeIgniter->run()
#11 {main}
ERROR - 2022-03-24 06:34:24 --> Error connecting to the database: Accès refusé pour l'utilisateur: ''@'@localhost' (mot de passe: NON)
CRITICAL - 2022-03-24 06:34:24 --> Unable to connect to the database.
Main connection [MySQLi]: Accès refusé pour l'utilisateur: ''@'@localhost' (mot de passe: NON)
#0 C:\wamp64\www\demo\system\Database\BaseConnection.php(577): CodeIgniter\Database\BaseConnection->initialize()
#1 C:\wamp64\www\demo\system\Database\BaseBuilder.php(1771): CodeIgniter\Database\BaseConnection->query('INSERT INTO `us...', Array, false)
#2 C:\wamp64\www\demo\system\Model.php(239): CodeIgniter\Database\BaseBuilder->insert()
#3 C:\wamp64\www\demo\system\BaseModel.php(738): CodeIgniter\Model->doInsert(Array)
#4 C:\wamp64\www\demo\system\Model.php(625): CodeIgniter\BaseModel->insert(Array, false)
#5 C:\wamp64\www\demo\system\BaseModel.php(658): CodeIgniter\Model->insert(Array, false)
#6 C:\wamp64\www\demo\app\Controllers\Register.php(39): CodeIgniter\BaseModel->save(Array)
#7 C:\wamp64\www\demo\system\CodeIgniter.php(832): App\Controllers\Register->save()
#8 C:\wamp64\www\demo\system\CodeIgniter.php(419): CodeIgniter\CodeIgniter->runController(Object(App\Controllers\Register))
#9 C:\wamp64\www\demo\system\CodeIgniter.php(326): CodeIgniter\CodeIgniter->handleRequest(NULL, Object(Config\Cache), false)
#10 C:\wamp64\www\demo\public\index.php(37): CodeIgniter\CodeIgniter->run()
#11 {main}
ERROR - 2022-03-24 06:35:00 --> Error connecting to the database: Accès refusé pour l'utilisateur: ''@'@localhost' (mot de passe: NON)
CRITICAL - 2022-03-24 06:35:00 --> Unable to connect to the database.
Main connection [MySQLi]: Accès refusé pour l'utilisateur: ''@'@localhost' (mot de passe: NON)
#0 C:\wamp64\www\demo\system\Database\BaseConnection.php(577): CodeIgniter\Database\BaseConnection->initialize()
#1 C:\wamp64\www\demo\system\Database\BaseBuilder.php(1771): CodeIgniter\Database\BaseConnection->query('INSERT INTO `us...', Array, false)
#2 C:\wamp64\www\demo\system\Model.php(239): CodeIgniter\Database\BaseBuilder->insert()
#3 C:\wamp64\www\demo\system\BaseModel.php(738): CodeIgniter\Model->doInsert(Array)
#4 C:\wamp64\www\demo\system\Model.php(625): CodeIgniter\BaseModel->insert(Array, false)
#5 C:\wamp64\www\demo\system\BaseModel.php(658): CodeIgniter\Model->insert(Array, false)
#6 C:\wamp64\www\demo\app\Controllers\Register.php(39): CodeIgniter\BaseModel->save(Array)
#7 C:\wamp64\www\demo\system\CodeIgniter.php(832): App\Controllers\Register->save()
#8 C:\wamp64\www\demo\system\CodeIgniter.php(419): CodeIgniter\CodeIgniter->runController(Object(App\Controllers\Register))
#9 C:\wamp64\www\demo\system\CodeIgniter.php(326): CodeIgniter\CodeIgniter->handleRequest(NULL, Object(Config\Cache), false)
#10 C:\wamp64\www\demo\public\index.php(37): CodeIgniter\CodeIgniter->run()
#11 {main}
ERROR - 2022-03-24 06:42:21 --> Champ 'user_email' inconnu dans where clause
CRITICAL - 2022-03-24 06:42:21 --> Call to a member function getFirstRow() on bool
#0 C:\wamp64\www\demo\system\BaseModel.php(622): CodeIgniter\Model->doFirst()
#1 C:\wamp64\www\demo\app\Controllers\Login.php(22): CodeIgniter\BaseModel->first()
#2 C:\wamp64\www\demo\system\CodeIgniter.php(832): App\Controllers\Login->auth()
#3 C:\wamp64\www\demo\system\CodeIgniter.php(419): CodeIgniter\CodeIgniter->runController(Object(App\Controllers\Login))
#4 C:\wamp64\www\demo\system\CodeIgniter.php(326): CodeIgniter\CodeIgniter->handleRequest(NULL, Object(Config\Cache), false)
#5 C:\wamp64\www\demo\public\index.php(37): CodeIgniter\CodeIgniter->run()
#6 {main}
