CRITICAL - 2022-04-02 01:50:44 --> syntax error, unexpected identifier "button", expecting ";"
#0 C:\wamp64\www\gestion-hopital\system\Autoloader\Autoloader.php(241): CodeIgniter\Autoloader\Autoloader->includeFile('C:\\wamp64\\www\\g...')
#1 C:\wamp64\www\gestion-hopital\system\Autoloader\Autoloader.php(219): CodeIgniter\Autoloader\Autoloader->loadInNamespace('App\\Controllers...')
#2 [internal function]: CodeIgniter\Autoloader\Autoloader->loadClass('App\\Controllers...')
#3 C:\wamp64\www\gestion-hopital\system\CodeIgniter.php(797): class_exists('\\App\\Controller...', true)
#4 C:\wamp64\www\gestion-hopital\system\CodeIgniter.php(406): CodeIgniter\CodeIgniter->startController()
#5 C:\wamp64\www\gestion-hopital\system\CodeIgniter.php(326): CodeIgniter\CodeIgniter->handleRequest(NULL, Object(Config\Cache), false)
#6 C:\wamp64\www\gestion-hopital\public\index.php(37): CodeIgniter\CodeIgniter->run()
#7 C:\wamp64\www\gestion-hopital\system\Commands\Server\rewrite.php(43): require_once('C:\\wamp64\\www\\g...')
#8 {main}
CRITICAL - 2022-04-02 02:23:06 --> Undefined property: stdClass::$customerName
#0 C:\wamp64\www\gestion-hopital\app\Controllers\Dashboard.php(24): CodeIgniter\Debug\Exceptions->errorHandler(2, 'Undefined prope...', 'C:\\wamp64\\www\\g...', 24)
#1 C:\wamp64\www\gestion-hopital\app\ThirdParty\codeigniter4-datatables\src\DataTableQuery.php(87): App\Controllers\Dashboard->App\Controllers\{closure}(Object(stdClass))
#2 C:\wamp64\www\gestion-hopital\app\ThirdParty\codeigniter4-datatables\src\DataTable.php(173): Hermawan\DataTables\DataTableQuery->getDataResult()
#3 C:\wamp64\www\gestion-hopital\app\Controllers\Dashboard.php(25): Hermawan\DataTables\DataTable->toJson(true)
#4 C:\wamp64\www\gestion-hopital\system\CodeIgniter.php(832): App\Controllers\Dashboard->search()
#5 C:\wamp64\www\gestion-hopital\system\CodeIgniter.php(419): CodeIgniter\CodeIgniter->runController(Object(App\Controllers\Dashboard))
#6 C:\wamp64\www\gestion-hopital\system\CodeIgniter.php(326): CodeIgniter\CodeIgniter->handleRequest(NULL, Object(Config\Cache), false)
#7 C:\wamp64\www\gestion-hopital\public\index.php(37): CodeIgniter\CodeIgniter->run()
#8 C:\wamp64\www\gestion-hopital\system\Commands\Server\rewrite.php(43): require_once('C:\\wamp64\\www\\g...')
#9 {main}
CRITICAL - 2022-04-02 02:23:24 --> Undefined property: stdClass::$customerName
#0 C:\wamp64\www\gestion-hopital\app\Controllers\Dashboard.php(24): CodeIgniter\Debug\Exceptions->errorHandler(2, 'Undefined prope...', 'C:\\wamp64\\www\\g...', 24)
#1 C:\wamp64\www\gestion-hopital\app\ThirdParty\codeigniter4-datatables\src\DataTableQuery.php(87): App\Controllers\Dashboard->App\Controllers\{closure}(Object(stdClass))
#2 C:\wamp64\www\gestion-hopital\app\ThirdParty\codeigniter4-datatables\src\DataTable.php(173): Hermawan\DataTables\DataTableQuery->getDataResult()
#3 C:\wamp64\www\gestion-hopital\app\Controllers\Dashboard.php(25): Hermawan\DataTables\DataTable->toJson(true)
#4 C:\wamp64\www\gestion-hopital\system\CodeIgniter.php(832): App\Controllers\Dashboard->search()
#5 C:\wamp64\www\gestion-hopital\system\CodeIgniter.php(419): CodeIgniter\CodeIgniter->runController(Object(App\Controllers\Dashboard))
#6 C:\wamp64\www\gestion-hopital\system\CodeIgniter.php(326): CodeIgniter\CodeIgniter->handleRequest(NULL, Object(Config\Cache), false)
#7 C:\wamp64\www\gestion-hopital\public\index.php(37): CodeIgniter\CodeIgniter->run()
#8 C:\wamp64\www\gestion-hopital\system\Commands\Server\rewrite.php(43): require_once('C:\\wamp64\\www\\g...')
#9 {main}
CRITICAL - 2022-04-02 02:23:40 --> Undefined property: stdClass::$customerName
#0 C:\wamp64\www\gestion-hopital\app\Controllers\Dashboard.php(24): CodeIgniter\Debug\Exceptions->errorHandler(2, 'Undefined prope...', 'C:\\wamp64\\www\\g...', 24)
#1 C:\wamp64\www\gestion-hopital\app\ThirdParty\codeigniter4-datatables\src\DataTableQuery.php(87): App\Controllers\Dashboard->App\Controllers\{closure}(Object(stdClass))
#2 C:\wamp64\www\gestion-hopital\app\ThirdParty\codeigniter4-datatables\src\DataTable.php(173): Hermawan\DataTables\DataTableQuery->getDataResult()
#3 C:\wamp64\www\gestion-hopital\app\Controllers\Dashboard.php(25): Hermawan\DataTables\DataTable->toJson(true)
#4 C:\wamp64\www\gestion-hopital\system\CodeIgniter.php(832): App\Controllers\Dashboard->search()
#5 C:\wamp64\www\gestion-hopital\system\CodeIgniter.php(419): CodeIgniter\CodeIgniter->runController(Object(App\Controllers\Dashboard))
#6 C:\wamp64\www\gestion-hopital\system\CodeIgniter.php(326): CodeIgniter\CodeIgniter->handleRequest(NULL, Object(Config\Cache), false)
#7 C:\wamp64\www\gestion-hopital\public\index.php(37): CodeIgniter\CodeIgniter->run()
#8 C:\wamp64\www\gestion-hopital\system\Commands\Server\rewrite.php(43): require_once('C:\\wamp64\\www\\g...')
#9 {main}
CRITICAL - 2022-04-02 02:23:55 --> Undefined property: stdClass::$customerName
#0 C:\wamp64\www\gestion-hopital\app\Controllers\Dashboard.php(24): CodeIgniter\Debug\Exceptions->errorHandler(2, 'Undefined prope...', 'C:\\wamp64\\www\\g...', 24)
#1 C:\wamp64\www\gestion-hopital\app\ThirdParty\codeigniter4-datatables\src\DataTableQuery.php(87): App\Controllers\Dashboard->App\Controllers\{closure}(Object(stdClass))
#2 C:\wamp64\www\gestion-hopital\app\ThirdParty\codeigniter4-datatables\src\DataTable.php(173): Hermawan\DataTables\DataTableQuery->getDataResult()
#3 C:\wamp64\www\gestion-hopital\app\Controllers\Dashboard.php(25): Hermawan\DataTables\DataTable->toJson(true)
#4 C:\wamp64\www\gestion-hopital\system\CodeIgniter.php(832): App\Controllers\Dashboard->search()
#5 C:\wamp64\www\gestion-hopital\system\CodeIgniter.php(419): CodeIgniter\CodeIgniter->runController(Object(App\Controllers\Dashboard))
#6 C:\wamp64\www\gestion-hopital\system\CodeIgniter.php(326): CodeIgniter\CodeIgniter->handleRequest(NULL, Object(Config\Cache), false)
#7 C:\wamp64\www\gestion-hopital\public\index.php(37): CodeIgniter\CodeIgniter->run()
#8 C:\wamp64\www\gestion-hopital\system\Commands\Server\rewrite.php(43): require_once('C:\\wamp64\\www\\g...')
#9 {main}
CRITICAL - 2022-04-02 02:28:01 --> syntax error, unexpected single-quoted string "); > <i class="fas fa-edit"> E...", expecting ";"
#0 C:\wamp64\www\gestion-hopital\system\Autoloader\Autoloader.php(241): CodeIgniter\Autoloader\Autoloader->includeFile('C:\\wamp64\\www\\g...')
#1 C:\wamp64\www\gestion-hopital\system\Autoloader\Autoloader.php(219): CodeIgniter\Autoloader\Autoloader->loadInNamespace('App\\Controllers...')
#2 [internal function]: CodeIgniter\Autoloader\Autoloader->loadClass('App\\Controllers...')
#3 C:\wamp64\www\gestion-hopital\system\CodeIgniter.php(797): class_exists('\\App\\Controller...', true)
#4 C:\wamp64\www\gestion-hopital\system\CodeIgniter.php(406): CodeIgniter\CodeIgniter->startController()
#5 C:\wamp64\www\gestion-hopital\system\CodeIgniter.php(326): CodeIgniter\CodeIgniter->handleRequest(NULL, Object(Config\Cache), false)
#6 C:\wamp64\www\gestion-hopital\public\index.php(37): CodeIgniter\CodeIgniter->run()
#7 C:\wamp64\www\gestion-hopital\system\Commands\Server\rewrite.php(43): require_once('C:\\wamp64\\www\\g...')
#8 {main}
