ERROR - 2022-03-28 12:32:25 --> Error connecting to the database: Aucune connexion n’a pu être établie car l’ordinateur cible l’a expressément refusée
CRITICAL - 2022-03-28 12:32:25 --> Unable to connect to the database.
Main connection [MySQLi]: Aucune connexion n’a pu être établie car l’ordinateur cible l’a expressément refusée
#0 C:\wamp64\www\gestion-hopital\system\Database\BaseConnection.php(577): CodeIgniter\Database\BaseConnection->initialize()
#1 C:\wamp64\www\gestion-hopital\system\Database\BaseBuilder.php(1455): CodeIgniter\Database\BaseConnection->query('SELECT *\nFROM `...', Array, false)
#2 C:\wamp64\www\gestion-hopital\system\Model.php(210): CodeIgniter\Database\BaseBuilder->get()
#3 C:\wamp64\www\gestion-hopital\system\BaseModel.php(622): CodeIgniter\Model->doFirst()
#4 C:\wamp64\www\gestion-hopital\app\Controllers\Login.php(22): CodeIgniter\BaseModel->first()
#5 C:\wamp64\www\gestion-hopital\system\CodeIgniter.php(832): App\Controllers\Login->auth()
#6 C:\wamp64\www\gestion-hopital\system\CodeIgniter.php(419): CodeIgniter\CodeIgniter->runController(Object(App\Controllers\Login))
#7 C:\wamp64\www\gestion-hopital\system\CodeIgniter.php(326): CodeIgniter\CodeIgniter->handleRequest(NULL, Object(Config\Cache), false)
#8 C:\wamp64\www\gestion-hopital\public\index.php(37): CodeIgniter\CodeIgniter->run()
#9 C:\wamp64\www\gestion-hopital\system\Commands\Server\rewrite.php(43): require_once('C:\\wamp64\\www\\g...')
#10 {main}
CRITICAL - 2022-03-28 12:58:23 --> CodeIgniter\Database\BaseBuilder::like(): Argument #2 ($match) must be of type string, null given, called in C:\wamp64\www\gestion-hopital\app\Controllers\Dashboard.php on line 27
#0 C:\wamp64\www\gestion-hopital\app\Controllers\Dashboard.php(27): CodeIgniter\Database\BaseBuilder->like('username', NULL)
#1 C:\wamp64\www\gestion-hopital\system\CodeIgniter.php(832): App\Controllers\Dashboard->search()
#2 C:\wamp64\www\gestion-hopital\system\CodeIgniter.php(419): CodeIgniter\CodeIgniter->runController(Object(App\Controllers\Dashboard))
#3 C:\wamp64\www\gestion-hopital\system\CodeIgniter.php(326): CodeIgniter\CodeIgniter->handleRequest(NULL, Object(Config\Cache), false)
#4 C:\wamp64\www\gestion-hopital\public\index.php(37): CodeIgniter\CodeIgniter->run()
#5 {main}
CRITICAL - 2022-03-28 12:58:37 --> CodeIgniter\Database\BaseBuilder::like(): Argument #2 ($match) must be of type string, null given, called in C:\wamp64\www\gestion-hopital\app\Controllers\Dashboard.php on line 27
#0 C:\wamp64\www\gestion-hopital\app\Controllers\Dashboard.php(27): CodeIgniter\Database\BaseBuilder->like('username', NULL)
#1 C:\wamp64\www\gestion-hopital\system\CodeIgniter.php(832): App\Controllers\Dashboard->search()
#2 C:\wamp64\www\gestion-hopital\system\CodeIgniter.php(419): CodeIgniter\CodeIgniter->runController(Object(App\Controllers\Dashboard))
#3 C:\wamp64\www\gestion-hopital\system\CodeIgniter.php(326): CodeIgniter\CodeIgniter->handleRequest(NULL, Object(Config\Cache), false)
#4 C:\wamp64\www\gestion-hopital\public\index.php(37): CodeIgniter\CodeIgniter->run()
#5 {main}
CRITICAL - 2022-03-28 12:59:34 --> CodeIgniter\Database\BaseBuilder::like(): Argument #2 ($match) must be of type string, null given, called in C:\wamp64\www\gestion-hopital\app\Controllers\Dashboard.php on line 27
#0 C:\wamp64\www\gestion-hopital\app\Controllers\Dashboard.php(27): CodeIgniter\Database\BaseBuilder->like('username', NULL)
#1 C:\wamp64\www\gestion-hopital\system\CodeIgniter.php(832): App\Controllers\Dashboard->search()
#2 C:\wamp64\www\gestion-hopital\system\CodeIgniter.php(419): CodeIgniter\CodeIgniter->runController(Object(App\Controllers\Dashboard))
#3 C:\wamp64\www\gestion-hopital\system\CodeIgniter.php(326): CodeIgniter\CodeIgniter->handleRequest(NULL, Object(Config\Cache), false)
#4 C:\wamp64\www\gestion-hopital\public\index.php(37): CodeIgniter\CodeIgniter->run()
#5 {main}
CRITICAL - 2022-03-28 14:14:41 --> Unmatched '}'
#0 C:\wamp64\www\gestion-hopital\system\View\View.php(213): CodeIgniter\View\View->CodeIgniter\View\{closure}()
#1 C:\wamp64\www\gestion-hopital\system\Common.php(1089): CodeIgniter\View\View->render('welcome_message', Array, true)
#2 C:\wamp64\www\gestion-hopital\app\Controllers\Dashboard.php(13): view('welcome_message')
#3 C:\wamp64\www\gestion-hopital\system\CodeIgniter.php(832): App\Controllers\Dashboard->index()
#4 C:\wamp64\www\gestion-hopital\system\CodeIgniter.php(419): CodeIgniter\CodeIgniter->runController(Object(App\Controllers\Dashboard))
#5 C:\wamp64\www\gestion-hopital\system\CodeIgniter.php(326): CodeIgniter\CodeIgniter->handleRequest(NULL, Object(Config\Cache), false)
#6 C:\wamp64\www\gestion-hopital\public\index.php(37): CodeIgniter\CodeIgniter->run()
#7 {main}
CRITICAL - 2022-03-28 14:15:03 --> syntax error, unexpected identifier "templates", expecting "," or ";"
#0 C:\wamp64\www\gestion-hopital\system\View\View.php(213): CodeIgniter\View\View->CodeIgniter\View\{closure}()
#1 C:\wamp64\www\gestion-hopital\system\Common.php(1089): CodeIgniter\View\View->render('welcome_message', Array, true)
#2 C:\wamp64\www\gestion-hopital\app\Controllers\Dashboard.php(13): view('welcome_message')
#3 C:\wamp64\www\gestion-hopital\system\CodeIgniter.php(832): App\Controllers\Dashboard->index()
#4 C:\wamp64\www\gestion-hopital\system\CodeIgniter.php(419): CodeIgniter\CodeIgniter->runController(Object(App\Controllers\Dashboard))
#5 C:\wamp64\www\gestion-hopital\system\CodeIgniter.php(326): CodeIgniter\CodeIgniter->handleRequest(NULL, Object(Config\Cache), false)
#6 C:\wamp64\www\gestion-hopital\public\index.php(37): CodeIgniter\CodeIgniter->run()
#7 {main}
CRITICAL - 2022-03-28 14:15:16 --> syntax error, unexpected identifier "templates", expecting "," or ";"
#0 C:\wamp64\www\gestion-hopital\system\View\View.php(213): CodeIgniter\View\View->CodeIgniter\View\{closure}()
#1 C:\wamp64\www\gestion-hopital\system\Common.php(1089): CodeIgniter\View\View->render('welcome_message', Array, true)
#2 C:\wamp64\www\gestion-hopital\app\Controllers\Dashboard.php(13): view('welcome_message')
#3 C:\wamp64\www\gestion-hopital\system\CodeIgniter.php(832): App\Controllers\Dashboard->index()
#4 C:\wamp64\www\gestion-hopital\system\CodeIgniter.php(419): CodeIgniter\CodeIgniter->runController(Object(App\Controllers\Dashboard))
#5 C:\wamp64\www\gestion-hopital\system\CodeIgniter.php(326): CodeIgniter\CodeIgniter->handleRequest(NULL, Object(Config\Cache), false)
#6 C:\wamp64\www\gestion-hopital\public\index.php(37): CodeIgniter\CodeIgniter->run()
#7 {main}
CRITICAL - 2022-03-28 14:22:59 --> Class "Hermawan\DataTables\DataTable" not found
#0 C:\wamp64\www\gestion-hopital\system\CodeIgniter.php(832): App\Controllers\Dashboard->search()
#1 C:\wamp64\www\gestion-hopital\system\CodeIgniter.php(419): CodeIgniter\CodeIgniter->runController(Object(App\Controllers\Dashboard))
#2 C:\wamp64\www\gestion-hopital\system\CodeIgniter.php(326): CodeIgniter\CodeIgniter->handleRequest(NULL, Object(Config\Cache), false)
#3 C:\wamp64\www\gestion-hopital\public\index.php(37): CodeIgniter\CodeIgniter->run()
#4 {main}
CRITICAL - 2022-03-28 14:23:55 --> Class "Hermawan\DataTables\DataTable" not found
#0 C:\wamp64\www\gestion-hopital\system\CodeIgniter.php(832): App\Controllers\Dashboard->search()
#1 C:\wamp64\www\gestion-hopital\system\CodeIgniter.php(419): CodeIgniter\CodeIgniter->runController(Object(App\Controllers\Dashboard))
#2 C:\wamp64\www\gestion-hopital\system\CodeIgniter.php(326): CodeIgniter\CodeIgniter->handleRequest(NULL, Object(Config\Cache), false)
#3 C:\wamp64\www\gestion-hopital\public\index.php(37): CodeIgniter\CodeIgniter->run()
#4 {main}
CRITICAL - 2022-03-28 14:24:46 --> Class "Hermawan\DataTables\DataTable" not found
#0 C:\wamp64\www\gestion-hopital\system\CodeIgniter.php(832): App\Controllers\Dashboard->search()
#1 C:\wamp64\www\gestion-hopital\system\CodeIgniter.php(419): CodeIgniter\CodeIgniter->runController(Object(App\Controllers\Dashboard))
#2 C:\wamp64\www\gestion-hopital\system\CodeIgniter.php(326): CodeIgniter\CodeIgniter->handleRequest(NULL, Object(Config\Cache), false)
#3 C:\wamp64\www\gestion-hopital\public\index.php(37): CodeIgniter\CodeIgniter->run()
#4 {main}
CRITICAL - 2022-03-28 14:24:49 --> Class "Hermawan\DataTables\DataTable" not found
#0 C:\wamp64\www\gestion-hopital\system\CodeIgniter.php(832): App\Controllers\Dashboard->search()
#1 C:\wamp64\www\gestion-hopital\system\CodeIgniter.php(419): CodeIgniter\CodeIgniter->runController(Object(App\Controllers\Dashboard))
#2 C:\wamp64\www\gestion-hopital\system\CodeIgniter.php(326): CodeIgniter\CodeIgniter->handleRequest(NULL, Object(Config\Cache), false)
#3 C:\wamp64\www\gestion-hopital\public\index.php(37): CodeIgniter\CodeIgniter->run()
#4 {main}
CRITICAL - 2022-03-28 14:24:53 --> Class "Hermawan\DataTables\DataTable" not found
#0 C:\wamp64\www\gestion-hopital\system\CodeIgniter.php(832): App\Controllers\Dashboard->search()
#1 C:\wamp64\www\gestion-hopital\system\CodeIgniter.php(419): CodeIgniter\CodeIgniter->runController(Object(App\Controllers\Dashboard))
#2 C:\wamp64\www\gestion-hopital\system\CodeIgniter.php(326): CodeIgniter\CodeIgniter->handleRequest(NULL, Object(Config\Cache), false)
#3 C:\wamp64\www\gestion-hopital\public\index.php(37): CodeIgniter\CodeIgniter->run()
#4 {main}
CRITICAL - 2022-03-28 14:24:53 --> Class "Hermawan\DataTables\DataTable" not found
#0 C:\wamp64\www\gestion-hopital\system\CodeIgniter.php(832): App\Controllers\Dashboard->search()
#1 C:\wamp64\www\gestion-hopital\system\CodeIgniter.php(419): CodeIgniter\CodeIgniter->runController(Object(App\Controllers\Dashboard))
#2 C:\wamp64\www\gestion-hopital\system\CodeIgniter.php(326): CodeIgniter\CodeIgniter->handleRequest(NULL, Object(Config\Cache), false)
#3 C:\wamp64\www\gestion-hopital\public\index.php(37): CodeIgniter\CodeIgniter->run()
#4 {main}
CRITICAL - 2022-03-28 14:25:54 --> Class "Hermawan\DataTables\DataTable" not found
#0 C:\wamp64\www\gestion-hopital\system\CodeIgniter.php(832): App\Controllers\Dashboard->search()
#1 C:\wamp64\www\gestion-hopital\system\CodeIgniter.php(419): CodeIgniter\CodeIgniter->runController(Object(App\Controllers\Dashboard))
#2 C:\wamp64\www\gestion-hopital\system\CodeIgniter.php(326): CodeIgniter\CodeIgniter->handleRequest(NULL, Object(Config\Cache), false)
#3 C:\wamp64\www\gestion-hopital\public\index.php(37): CodeIgniter\CodeIgniter->run()
#4 {main}
CRITICAL - 2022-03-28 14:26:29 --> Class "Hermawan\DataTables\DataTable" not found
#0 C:\wamp64\www\gestion-hopital\system\CodeIgniter.php(832): App\Controllers\Dashboard->search()
#1 C:\wamp64\www\gestion-hopital\system\CodeIgniter.php(419): CodeIgniter\CodeIgniter->runController(Object(App\Controllers\Dashboard))
#2 C:\wamp64\www\gestion-hopital\system\CodeIgniter.php(326): CodeIgniter\CodeIgniter->handleRequest(NULL, Object(Config\Cache), false)
#3 C:\wamp64\www\gestion-hopital\public\index.php(37): CodeIgniter\CodeIgniter->run()
#4 {main}
CRITICAL - 2022-03-28 14:27:03 --> Class "Hermawan\DataTables\DataTable" not found
#0 C:\wamp64\www\gestion-hopital\system\CodeIgniter.php(832): App\Controllers\Dashboard->search()
#1 C:\wamp64\www\gestion-hopital\system\CodeIgniter.php(419): CodeIgniter\CodeIgniter->runController(Object(App\Controllers\Dashboard))
#2 C:\wamp64\www\gestion-hopital\system\CodeIgniter.php(326): CodeIgniter\CodeIgniter->handleRequest(NULL, Object(Config\Cache), false)
#3 C:\wamp64\www\gestion-hopital\public\index.php(37): CodeIgniter\CodeIgniter->run()
#4 {main}
CRITICAL - 2022-03-28 14:27:41 --> Class "Hermawan\DataTables\DataTable" not found
#0 C:\wamp64\www\gestion-hopital\system\CodeIgniter.php(832): App\Controllers\Dashboard->search()
#1 C:\wamp64\www\gestion-hopital\system\CodeIgniter.php(419): CodeIgniter\CodeIgniter->runController(Object(App\Controllers\Dashboard))
#2 C:\wamp64\www\gestion-hopital\system\CodeIgniter.php(326): CodeIgniter\CodeIgniter->handleRequest(NULL, Object(Config\Cache), false)
#3 C:\wamp64\www\gestion-hopital\public\index.php(37): CodeIgniter\CodeIgniter->run()
#4 {main}
CRITICAL - 2022-03-28 14:28:45 --> Class "Hermawan\DataTables\DataTable" not found
#0 C:\wamp64\www\gestion-hopital\system\CodeIgniter.php(832): App\Controllers\Dashboard->search()
#1 C:\wamp64\www\gestion-hopital\system\CodeIgniter.php(419): CodeIgniter\CodeIgniter->runController(Object(App\Controllers\Dashboard))
#2 C:\wamp64\www\gestion-hopital\system\CodeIgniter.php(326): CodeIgniter\CodeIgniter->handleRequest(NULL, Object(Config\Cache), false)
#3 C:\wamp64\www\gestion-hopital\public\index.php(37): CodeIgniter\CodeIgniter->run()
#4 {main}
CRITICAL - 2022-03-28 14:28:57 --> Class "Hermawan\DataTables\DataTable" not found
#0 C:\wamp64\www\gestion-hopital\system\CodeIgniter.php(832): App\Controllers\Dashboard->search()
#1 C:\wamp64\www\gestion-hopital\system\CodeIgniter.php(419): CodeIgniter\CodeIgniter->runController(Object(App\Controllers\Dashboard))
#2 C:\wamp64\www\gestion-hopital\system\CodeIgniter.php(326): CodeIgniter\CodeIgniter->handleRequest(NULL, Object(Config\Cache), false)
#3 C:\wamp64\www\gestion-hopital\public\index.php(37): CodeIgniter\CodeIgniter->run()
#4 {main}
CRITICAL - 2022-03-28 14:33:34 --> Class "Hermawan\DataTables\DataTable" not found
#0 C:\wamp64\www\gestion-hopital\system\CodeIgniter.php(832): App\Controllers\Dashboard->search()
#1 C:\wamp64\www\gestion-hopital\system\CodeIgniter.php(419): CodeIgniter\CodeIgniter->runController(Object(App\Controllers\Dashboard))
#2 C:\wamp64\www\gestion-hopital\system\CodeIgniter.php(326): CodeIgniter\CodeIgniter->handleRequest(NULL, Object(Config\Cache), false)
#3 C:\wamp64\www\gestion-hopital\public\index.php(37): CodeIgniter\CodeIgniter->run()
#4 {main}
CRITICAL - 2022-03-28 14:33:51 --> Class "Hermawan\DataTables\DataTable" not found
#0 C:\wamp64\www\gestion-hopital\system\CodeIgniter.php(832): App\Controllers\Dashboard->search()
#1 C:\wamp64\www\gestion-hopital\system\CodeIgniter.php(419): CodeIgniter\CodeIgniter->runController(Object(App\Controllers\Dashboard))
#2 C:\wamp64\www\gestion-hopital\system\CodeIgniter.php(326): CodeIgniter\CodeIgniter->handleRequest(NULL, Object(Config\Cache), false)
#3 C:\wamp64\www\gestion-hopital\public\index.php(37): CodeIgniter\CodeIgniter->run()
#4 {main}
CRITICAL - 2022-03-28 14:41:09 --> Class "Hermawan\DataTables\DataTable" not found
#0 C:\wamp64\www\gestion-hopital\system\CodeIgniter.php(832): App\Controllers\Dashboard->search()
#1 C:\wamp64\www\gestion-hopital\system\CodeIgniter.php(419): CodeIgniter\CodeIgniter->runController(Object(App\Controllers\Dashboard))
#2 C:\wamp64\www\gestion-hopital\system\CodeIgniter.php(326): CodeIgniter\CodeIgniter->handleRequest(NULL, Object(Config\Cache), false)
#3 C:\wamp64\www\gestion-hopital\public\index.php(37): CodeIgniter\CodeIgniter->run()
#4 {main}
CRITICAL - 2022-03-28 14:42:33 --> Class "Hermawan\DataTables\DataTable" not found
#0 C:\wamp64\www\gestion-hopital\system\CodeIgniter.php(832): App\Controllers\Dashboard->search()
#1 C:\wamp64\www\gestion-hopital\system\CodeIgniter.php(419): CodeIgniter\CodeIgniter->runController(Object(App\Controllers\Dashboard))
#2 C:\wamp64\www\gestion-hopital\system\CodeIgniter.php(326): CodeIgniter\CodeIgniter->handleRequest(NULL, Object(Config\Cache), false)
#3 C:\wamp64\www\gestion-hopital\public\index.php(37): CodeIgniter\CodeIgniter->run()
#4 {main}
CRITICAL - 2022-03-28 14:42:49 --> Class "Hermawan\DataTables\DataTable" not found
#0 C:\wamp64\www\gestion-hopital\system\CodeIgniter.php(832): App\Controllers\Dashboard->search()
#1 C:\wamp64\www\gestion-hopital\system\CodeIgniter.php(419): CodeIgniter\CodeIgniter->runController(Object(App\Controllers\Dashboard))
#2 C:\wamp64\www\gestion-hopital\system\CodeIgniter.php(326): CodeIgniter\CodeIgniter->handleRequest(NULL, Object(Config\Cache), false)
#3 C:\wamp64\www\gestion-hopital\public\index.php(37): CodeIgniter\CodeIgniter->run()
#4 {main}
CRITICAL - 2022-03-28 14:43:01 --> Class "Hermawan\DataTables\DataTable" not found
#0 C:\wamp64\www\gestion-hopital\system\CodeIgniter.php(832): App\Controllers\Dashboard->search()
#1 C:\wamp64\www\gestion-hopital\system\CodeIgniter.php(419): CodeIgniter\CodeIgniter->runController(Object(App\Controllers\Dashboard))
#2 C:\wamp64\www\gestion-hopital\system\CodeIgniter.php(326): CodeIgniter\CodeIgniter->handleRequest(NULL, Object(Config\Cache), false)
#3 C:\wamp64\www\gestion-hopital\public\index.php(37): CodeIgniter\CodeIgniter->run()
#4 {main}
CRITICAL - 2022-03-28 14:43:17 --> Class "Hermawan\DataTables\DataTable" not found
#0 C:\wamp64\www\gestion-hopital\system\CodeIgniter.php(832): App\Controllers\Dashboard->search()
#1 C:\wamp64\www\gestion-hopital\system\CodeIgniter.php(419): CodeIgniter\CodeIgniter->runController(Object(App\Controllers\Dashboard))
#2 C:\wamp64\www\gestion-hopital\system\CodeIgniter.php(326): CodeIgniter\CodeIgniter->handleRequest(NULL, Object(Config\Cache), false)
#3 C:\wamp64\www\gestion-hopital\public\index.php(37): CodeIgniter\CodeIgniter->run()
#4 {main}
CRITICAL - 2022-03-28 14:44:18 --> Class "Hermawan\DataTables\DataTable" not found
#0 C:\wamp64\www\gestion-hopital\system\CodeIgniter.php(832): App\Controllers\Dashboard->search()
#1 C:\wamp64\www\gestion-hopital\system\CodeIgniter.php(419): CodeIgniter\CodeIgniter->runController(Object(App\Controllers\Dashboard))
#2 C:\wamp64\www\gestion-hopital\system\CodeIgniter.php(326): CodeIgniter\CodeIgniter->handleRequest(NULL, Object(Config\Cache), false)
#3 C:\wamp64\www\gestion-hopital\public\index.php(37): CodeIgniter\CodeIgniter->run()
#4 {main}
CRITICAL - 2022-03-28 14:44:19 --> Class "Hermawan\DataTables\DataTable" not found
#0 C:\wamp64\www\gestion-hopital\system\CodeIgniter.php(832): App\Controllers\Dashboard->search()
#1 C:\wamp64\www\gestion-hopital\system\CodeIgniter.php(419): CodeIgniter\CodeIgniter->runController(Object(App\Controllers\Dashboard))
#2 C:\wamp64\www\gestion-hopital\system\CodeIgniter.php(326): CodeIgniter\CodeIgniter->handleRequest(NULL, Object(Config\Cache), false)
#3 C:\wamp64\www\gestion-hopital\public\index.php(37): CodeIgniter\CodeIgniter->run()
#4 {main}
CRITICAL - 2022-03-28 14:44:40 --> Class "Hermawan\DataTables\DataTable" not found
#0 C:\wamp64\www\gestion-hopital\system\CodeIgniter.php(832): App\Controllers\Dashboard->search()
#1 C:\wamp64\www\gestion-hopital\system\CodeIgniter.php(419): CodeIgniter\CodeIgniter->runController(Object(App\Controllers\Dashboard))
#2 C:\wamp64\www\gestion-hopital\system\CodeIgniter.php(326): CodeIgniter\CodeIgniter->handleRequest(NULL, Object(Config\Cache), false)
#3 C:\wamp64\www\gestion-hopital\public\index.php(37): CodeIgniter\CodeIgniter->run()
#4 {main}
CRITICAL - 2022-03-28 14:45:04 --> Class "Hermawan\DataTables\DataTable" not found
#0 C:\wamp64\www\gestion-hopital\system\CodeIgniter.php(832): App\Controllers\Dashboard->search()
#1 C:\wamp64\www\gestion-hopital\system\CodeIgniter.php(419): CodeIgniter\CodeIgniter->runController(Object(App\Controllers\Dashboard))
#2 C:\wamp64\www\gestion-hopital\system\CodeIgniter.php(326): CodeIgniter\CodeIgniter->handleRequest(NULL, Object(Config\Cache), false)
#3 C:\wamp64\www\gestion-hopital\public\index.php(37): CodeIgniter\CodeIgniter->run()
#4 {main}
CRITICAL - 2022-03-28 14:46:38 --> Class "Hermawan\DataTables\DataTable" not found
#0 C:\wamp64\www\gestion-hopital\system\CodeIgniter.php(832): App\Controllers\Dashboard->search()
#1 C:\wamp64\www\gestion-hopital\system\CodeIgniter.php(419): CodeIgniter\CodeIgniter->runController(Object(App\Controllers\Dashboard))
#2 C:\wamp64\www\gestion-hopital\system\CodeIgniter.php(326): CodeIgniter\CodeIgniter->handleRequest(NULL, Object(Config\Cache), false)
#3 C:\wamp64\www\gestion-hopital\public\index.php(37): CodeIgniter\CodeIgniter->run()
#4 {main}
CRITICAL - 2022-03-28 14:46:55 --> Class "Hermawan\DataTables\DataTable" not found
#0 C:\wamp64\www\gestion-hopital\system\CodeIgniter.php(832): App\Controllers\Dashboard->search()
#1 C:\wamp64\www\gestion-hopital\system\CodeIgniter.php(419): CodeIgniter\CodeIgniter->runController(Object(App\Controllers\Dashboard))
#2 C:\wamp64\www\gestion-hopital\system\CodeIgniter.php(326): CodeIgniter\CodeIgniter->handleRequest(NULL, Object(Config\Cache), false)
#3 C:\wamp64\www\gestion-hopital\public\index.php(37): CodeIgniter\CodeIgniter->run()
#4 {main}
CRITICAL - 2022-03-28 14:47:05 --> Class "Hermawan\DataTables\DataTable" not found
#0 C:\wamp64\www\gestion-hopital\system\CodeIgniter.php(832): App\Controllers\Dashboard->search()
#1 C:\wamp64\www\gestion-hopital\system\CodeIgniter.php(419): CodeIgniter\CodeIgniter->runController(Object(App\Controllers\Dashboard))
#2 C:\wamp64\www\gestion-hopital\system\CodeIgniter.php(326): CodeIgniter\CodeIgniter->handleRequest(NULL, Object(Config\Cache), false)
#3 C:\wamp64\www\gestion-hopital\public\index.php(37): CodeIgniter\CodeIgniter->run()
#4 {main}
CRITICAL - 2022-03-28 14:47:22 --> Class "Hermawan\DataTables\DataTable" not found
#0 C:\wamp64\www\gestion-hopital\system\CodeIgniter.php(832): App\Controllers\Dashboard->search()
#1 C:\wamp64\www\gestion-hopital\system\CodeIgniter.php(419): CodeIgniter\CodeIgniter->runController(Object(App\Controllers\Dashboard))
#2 C:\wamp64\www\gestion-hopital\system\CodeIgniter.php(326): CodeIgniter\CodeIgniter->handleRequest(NULL, Object(Config\Cache), false)
#3 C:\wamp64\www\gestion-hopital\public\index.php(37): CodeIgniter\CodeIgniter->run()
#4 {main}
CRITICAL - 2022-03-28 14:48:01 --> Class "Hermawan\DataTables\DataTable" not found
#0 C:\wamp64\www\gestion-hopital\system\CodeIgniter.php(832): App\Controllers\Dashboard->search()
#1 C:\wamp64\www\gestion-hopital\system\CodeIgniter.php(419): CodeIgniter\CodeIgniter->runController(Object(App\Controllers\Dashboard))
#2 C:\wamp64\www\gestion-hopital\system\CodeIgniter.php(326): CodeIgniter\CodeIgniter->handleRequest(NULL, Object(Config\Cache), false)
#3 C:\wamp64\www\gestion-hopital\public\index.php(37): CodeIgniter\CodeIgniter->run()
#4 {main}
CRITICAL - 2022-03-28 14:48:26 --> Class "Hermawan\DataTables\DataTable" not found
#0 C:\wamp64\www\gestion-hopital\system\CodeIgniter.php(832): App\Controllers\Dashboard->search()
#1 C:\wamp64\www\gestion-hopital\system\CodeIgniter.php(419): CodeIgniter\CodeIgniter->runController(Object(App\Controllers\Dashboard))
#2 C:\wamp64\www\gestion-hopital\system\CodeIgniter.php(326): CodeIgniter\CodeIgniter->handleRequest(NULL, Object(Config\Cache), false)
#3 C:\wamp64\www\gestion-hopital\public\index.php(37): CodeIgniter\CodeIgniter->run()
#4 {main}
CRITICAL - 2022-03-28 14:48:32 --> Class "Hermawan\DataTables\DataTable" not found
#0 C:\wamp64\www\gestion-hopital\system\CodeIgniter.php(832): App\Controllers\Dashboard->search()
#1 C:\wamp64\www\gestion-hopital\system\CodeIgniter.php(419): CodeIgniter\CodeIgniter->runController(Object(App\Controllers\Dashboard))
#2 C:\wamp64\www\gestion-hopital\system\CodeIgniter.php(326): CodeIgniter\CodeIgniter->handleRequest(NULL, Object(Config\Cache), false)
#3 C:\wamp64\www\gestion-hopital\public\index.php(37): CodeIgniter\CodeIgniter->run()
#4 {main}
CRITICAL - 2022-03-28 14:53:47 --> Class "Hermawan\DataTables\DataTable" not found
#0 C:\wamp64\www\gestion-hopital\system\CodeIgniter.php(832): App\Controllers\Dashboard->search()
#1 C:\wamp64\www\gestion-hopital\system\CodeIgniter.php(419): CodeIgniter\CodeIgniter->runController(Object(App\Controllers\Dashboard))
#2 C:\wamp64\www\gestion-hopital\system\CodeIgniter.php(326): CodeIgniter\CodeIgniter->handleRequest(NULL, Object(Config\Cache), false)
#3 C:\wamp64\www\gestion-hopital\public\index.php(37): CodeIgniter\CodeIgniter->run()
#4 {main}
CRITICAL - 2022-03-28 14:54:23 --> Class "Hermawan\DataTables\DataTable" not found
#0 C:\wamp64\www\gestion-hopital\system\CodeIgniter.php(832): App\Controllers\Dashboard->search()
#1 C:\wamp64\www\gestion-hopital\system\CodeIgniter.php(419): CodeIgniter\CodeIgniter->runController(Object(App\Controllers\Dashboard))
#2 C:\wamp64\www\gestion-hopital\system\CodeIgniter.php(326): CodeIgniter\CodeIgniter->handleRequest(NULL, Object(Config\Cache), false)
#3 C:\wamp64\www\gestion-hopital\public\index.php(37): CodeIgniter\CodeIgniter->run()
#4 {main}
CRITICAL - 2022-03-28 14:54:45 --> Class "Hermawan\DataTables\DataTable" not found
#0 C:\wamp64\www\gestion-hopital\system\CodeIgniter.php(832): App\Controllers\Dashboard->search()
#1 C:\wamp64\www\gestion-hopital\system\CodeIgniter.php(419): CodeIgniter\CodeIgniter->runController(Object(App\Controllers\Dashboard))
#2 C:\wamp64\www\gestion-hopital\system\CodeIgniter.php(326): CodeIgniter\CodeIgniter->handleRequest(NULL, Object(Config\Cache), false)
#3 C:\wamp64\www\gestion-hopital\public\index.php(37): CodeIgniter\CodeIgniter->run()
#4 {main}
CRITICAL - 2022-03-28 14:56:01 --> Class "Hermawan\DataTables\DataTable" not found
#0 C:\wamp64\www\gestion-hopital\system\CodeIgniter.php(832): App\Controllers\Dashboard->search()
#1 C:\wamp64\www\gestion-hopital\system\CodeIgniter.php(419): CodeIgniter\CodeIgniter->runController(Object(App\Controllers\Dashboard))
#2 C:\wamp64\www\gestion-hopital\system\CodeIgniter.php(326): CodeIgniter\CodeIgniter->handleRequest(NULL, Object(Config\Cache), false)
#3 C:\wamp64\www\gestion-hopital\public\index.php(37): CodeIgniter\CodeIgniter->run()
#4 {main}
CRITICAL - 2022-03-28 14:56:22 --> Class "Hermawan\DataTables\DataTable" not found
#0 C:\wamp64\www\gestion-hopital\system\CodeIgniter.php(832): App\Controllers\Dashboard->search()
#1 C:\wamp64\www\gestion-hopital\system\CodeIgniter.php(419): CodeIgniter\CodeIgniter->runController(Object(App\Controllers\Dashboard))
#2 C:\wamp64\www\gestion-hopital\system\CodeIgniter.php(326): CodeIgniter\CodeIgniter->handleRequest(NULL, Object(Config\Cache), false)
#3 C:\wamp64\www\gestion-hopital\public\index.php(37): CodeIgniter\CodeIgniter->run()
#4 {main}
CRITICAL - 2022-03-28 14:59:04 --> Class "Hermawan\DataTables\DataTable" not found
#0 C:\wamp64\www\gestion-hopital\system\CodeIgniter.php(832): App\Controllers\Dashboard->search()
#1 C:\wamp64\www\gestion-hopital\system\CodeIgniter.php(419): CodeIgniter\CodeIgniter->runController(Object(App\Controllers\Dashboard))
#2 C:\wamp64\www\gestion-hopital\system\CodeIgniter.php(326): CodeIgniter\CodeIgniter->handleRequest(NULL, Object(Config\Cache), false)
#3 C:\wamp64\www\gestion-hopital\public\index.php(37): CodeIgniter\CodeIgniter->run()
#4 {main}
CRITICAL - 2022-03-28 14:59:27 --> Class "Hermawan\DataTables\DataTable" not found
#0 C:\wamp64\www\gestion-hopital\system\CodeIgniter.php(832): App\Controllers\Dashboard->search()
#1 C:\wamp64\www\gestion-hopital\system\CodeIgniter.php(419): CodeIgniter\CodeIgniter->runController(Object(App\Controllers\Dashboard))
#2 C:\wamp64\www\gestion-hopital\system\CodeIgniter.php(326): CodeIgniter\CodeIgniter->handleRequest(NULL, Object(Config\Cache), false)
#3 C:\wamp64\www\gestion-hopital\public\index.php(37): CodeIgniter\CodeIgniter->run()
#4 {main}
CRITICAL - 2022-03-28 15:00:23 --> Class "Hermawan\DataTables\DataTable" not found
#0 C:\wamp64\www\gestion-hopital\system\CodeIgniter.php(832): App\Controllers\Dashboard->search()
#1 C:\wamp64\www\gestion-hopital\system\CodeIgniter.php(419): CodeIgniter\CodeIgniter->runController(Object(App\Controllers\Dashboard))
#2 C:\wamp64\www\gestion-hopital\system\CodeIgniter.php(326): CodeIgniter\CodeIgniter->handleRequest(NULL, Object(Config\Cache), false)
#3 C:\wamp64\www\gestion-hopital\public\index.php(37): CodeIgniter\CodeIgniter->run()
#4 {main}
CRITICAL - 2022-03-28 15:02:06 --> Class "Hermawan\DataTables\DataTable" not found
#0 C:\wamp64\www\gestion-hopital\system\CodeIgniter.php(832): App\Controllers\Dashboard->search()
#1 C:\wamp64\www\gestion-hopital\system\CodeIgniter.php(419): CodeIgniter\CodeIgniter->runController(Object(App\Controllers\Dashboard))
#2 C:\wamp64\www\gestion-hopital\system\CodeIgniter.php(326): CodeIgniter\CodeIgniter->handleRequest(NULL, Object(Config\Cache), false)
#3 C:\wamp64\www\gestion-hopital\public\index.php(37): CodeIgniter\CodeIgniter->run()
#4 {main}
CRITICAL - 2022-03-28 15:02:28 --> Class "Hermawan\DataTables\DataTable" not found
#0 C:\wamp64\www\gestion-hopital\system\CodeIgniter.php(832): App\Controllers\Dashboard->search()
#1 C:\wamp64\www\gestion-hopital\system\CodeIgniter.php(419): CodeIgniter\CodeIgniter->runController(Object(App\Controllers\Dashboard))
#2 C:\wamp64\www\gestion-hopital\system\CodeIgniter.php(326): CodeIgniter\CodeIgniter->handleRequest(NULL, Object(Config\Cache), false)
#3 C:\wamp64\www\gestion-hopital\public\index.php(37): CodeIgniter\CodeIgniter->run()
#4 {main}
CRITICAL - 2022-03-28 15:04:13 --> Class "Hermawan\DataTables\DataTable" not found
#0 C:\wamp64\www\gestion-hopital\system\CodeIgniter.php(832): App\Controllers\Dashboard->search()
#1 C:\wamp64\www\gestion-hopital\system\CodeIgniter.php(419): CodeIgniter\CodeIgniter->runController(Object(App\Controllers\Dashboard))
#2 C:\wamp64\www\gestion-hopital\system\CodeIgniter.php(326): CodeIgniter\CodeIgniter->handleRequest(NULL, Object(Config\Cache), false)
#3 C:\wamp64\www\gestion-hopital\public\index.php(37): CodeIgniter\CodeIgniter->run()
#4 {main}
CRITICAL - 2022-03-28 15:04:19 --> Class "Hermawan\DataTables\DataTable" not found
#0 C:\wamp64\www\gestion-hopital\system\CodeIgniter.php(832): App\Controllers\Dashboard->search()
#1 C:\wamp64\www\gestion-hopital\system\CodeIgniter.php(419): CodeIgniter\CodeIgniter->runController(Object(App\Controllers\Dashboard))
#2 C:\wamp64\www\gestion-hopital\system\CodeIgniter.php(326): CodeIgniter\CodeIgniter->handleRequest(NULL, Object(Config\Cache), false)
#3 C:\wamp64\www\gestion-hopital\public\index.php(37): CodeIgniter\CodeIgniter->run()
#4 {main}
CRITICAL - 2022-03-28 15:05:11 --> Class "Hermawan\DataTables\DataTable" not found
#0 C:\wamp64\www\gestion-hopital\system\CodeIgniter.php(832): App\Controllers\Dashboard->search()
#1 C:\wamp64\www\gestion-hopital\system\CodeIgniter.php(419): CodeIgniter\CodeIgniter->runController(Object(App\Controllers\Dashboard))
#2 C:\wamp64\www\gestion-hopital\system\CodeIgniter.php(326): CodeIgniter\CodeIgniter->handleRequest(NULL, Object(Config\Cache), false)
#3 C:\wamp64\www\gestion-hopital\public\index.php(37): CodeIgniter\CodeIgniter->run()
#4 {main}
CRITICAL - 2022-03-28 15:05:25 --> Class "Hermawan\DataTables\DataTable" not found
#0 C:\wamp64\www\gestion-hopital\system\CodeIgniter.php(832): App\Controllers\Dashboard->search()
#1 C:\wamp64\www\gestion-hopital\system\CodeIgniter.php(419): CodeIgniter\CodeIgniter->runController(Object(App\Controllers\Dashboard))
#2 C:\wamp64\www\gestion-hopital\system\CodeIgniter.php(326): CodeIgniter\CodeIgniter->handleRequest(NULL, Object(Config\Cache), false)
#3 C:\wamp64\www\gestion-hopital\public\index.php(37): CodeIgniter\CodeIgniter->run()
#4 {main}
CRITICAL - 2022-03-28 15:06:02 --> Class "Hermawan\DataTables\DataTable" not found
#0 C:\wamp64\www\gestion-hopital\system\CodeIgniter.php(832): App\Controllers\Dashboard->search()
#1 C:\wamp64\www\gestion-hopital\system\CodeIgniter.php(419): CodeIgniter\CodeIgniter->runController(Object(App\Controllers\Dashboard))
#2 C:\wamp64\www\gestion-hopital\system\CodeIgniter.php(326): CodeIgniter\CodeIgniter->handleRequest(NULL, Object(Config\Cache), false)
#3 C:\wamp64\www\gestion-hopital\public\index.php(37): CodeIgniter\CodeIgniter->run()
#4 {main}
CRITICAL - 2022-03-28 15:06:05 --> Class "Hermawan\DataTables\DataTable" not found
#0 C:\wamp64\www\gestion-hopital\system\CodeIgniter.php(832): App\Controllers\Dashboard->search()
#1 C:\wamp64\www\gestion-hopital\system\CodeIgniter.php(419): CodeIgniter\CodeIgniter->runController(Object(App\Controllers\Dashboard))
#2 C:\wamp64\www\gestion-hopital\system\CodeIgniter.php(326): CodeIgniter\CodeIgniter->handleRequest(NULL, Object(Config\Cache), false)
#3 C:\wamp64\www\gestion-hopital\public\index.php(37): CodeIgniter\CodeIgniter->run()
#4 {main}
CRITICAL - 2022-03-28 15:06:22 --> Class "Hermawan\DataTables\DataTable" not found
#0 C:\wamp64\www\gestion-hopital\system\CodeIgniter.php(832): App\Controllers\Dashboard->search()
#1 C:\wamp64\www\gestion-hopital\system\CodeIgniter.php(419): CodeIgniter\CodeIgniter->runController(Object(App\Controllers\Dashboard))
#2 C:\wamp64\www\gestion-hopital\system\CodeIgniter.php(326): CodeIgniter\CodeIgniter->handleRequest(NULL, Object(Config\Cache), false)
#3 C:\wamp64\www\gestion-hopital\public\index.php(37): CodeIgniter\CodeIgniter->run()
#4 {main}
CRITICAL - 2022-03-28 15:07:54 --> Class "Hermawan\DataTables\DataTable" not found
#0 C:\wamp64\www\gestion-hopital\system\CodeIgniter.php(832): App\Controllers\Dashboard->search()
#1 C:\wamp64\www\gestion-hopital\system\CodeIgniter.php(419): CodeIgniter\CodeIgniter->runController(Object(App\Controllers\Dashboard))
#2 C:\wamp64\www\gestion-hopital\system\CodeIgniter.php(326): CodeIgniter\CodeIgniter->handleRequest(NULL, Object(Config\Cache), false)
#3 C:\wamp64\www\gestion-hopital\public\index.php(37): CodeIgniter\CodeIgniter->run()
#4 {main}
CRITICAL - 2022-03-28 15:08:03 --> Class "Hermawan\DataTables\DataTable" not found
#0 C:\wamp64\www\gestion-hopital\system\CodeIgniter.php(832): App\Controllers\Dashboard->search()
#1 C:\wamp64\www\gestion-hopital\system\CodeIgniter.php(419): CodeIgniter\CodeIgniter->runController(Object(App\Controllers\Dashboard))
#2 C:\wamp64\www\gestion-hopital\system\CodeIgniter.php(326): CodeIgniter\CodeIgniter->handleRequest(NULL, Object(Config\Cache), false)
#3 C:\wamp64\www\gestion-hopital\public\index.php(37): CodeIgniter\CodeIgniter->run()
#4 {main}
CRITICAL - 2022-03-28 15:10:04 --> Class "Hermawan\DataTables\DataTable" not found
#0 C:\wamp64\www\gestion-hopital\system\CodeIgniter.php(832): App\Controllers\Dashboard->search()
#1 C:\wamp64\www\gestion-hopital\system\CodeIgniter.php(419): CodeIgniter\CodeIgniter->runController(Object(App\Controllers\Dashboard))
#2 C:\wamp64\www\gestion-hopital\system\CodeIgniter.php(326): CodeIgniter\CodeIgniter->handleRequest(NULL, Object(Config\Cache), false)
#3 C:\wamp64\www\gestion-hopital\public\index.php(37): CodeIgniter\CodeIgniter->run()
#4 {main}
CRITICAL - 2022-03-28 15:11:46 --> Class "Hermawan\DataTables\DataTable" not found
#0 C:\wamp64\www\gestion-hopital\system\CodeIgniter.php(832): App\Controllers\Dashboard->ajaxDataTables()
#1 C:\wamp64\www\gestion-hopital\system\CodeIgniter.php(419): CodeIgniter\CodeIgniter->runController(Object(App\Controllers\Dashboard))
#2 C:\wamp64\www\gestion-hopital\system\CodeIgniter.php(326): CodeIgniter\CodeIgniter->handleRequest(NULL, Object(Config\Cache), false)
#3 C:\wamp64\www\gestion-hopital\public\index.php(37): CodeIgniter\CodeIgniter->run()
#4 {main}
CRITICAL - 2022-03-28 15:12:13 --> Class "Hermawan\DataTables\DataTable" not found
#0 C:\wamp64\www\gestion-hopital\system\CodeIgniter.php(832): App\Controllers\Dashboard->ajaxDataTables()
#1 C:\wamp64\www\gestion-hopital\system\CodeIgniter.php(419): CodeIgniter\CodeIgniter->runController(Object(App\Controllers\Dashboard))
#2 C:\wamp64\www\gestion-hopital\system\CodeIgniter.php(326): CodeIgniter\CodeIgniter->handleRequest(NULL, Object(Config\Cache), false)
#3 C:\wamp64\www\gestion-hopital\public\index.php(37): CodeIgniter\CodeIgniter->run()
#4 {main}
CRITICAL - 2022-03-28 15:13:14 --> Class "Hermawan\DataTables\DataTable" not found
#0 C:\wamp64\www\gestion-hopital\system\CodeIgniter.php(832): App\Controllers\Dashboard->ajaxDataTables()
#1 C:\wamp64\www\gestion-hopital\system\CodeIgniter.php(419): CodeIgniter\CodeIgniter->runController(Object(App\Controllers\Dashboard))
#2 C:\wamp64\www\gestion-hopital\system\CodeIgniter.php(326): CodeIgniter\CodeIgniter->handleRequest(NULL, Object(Config\Cache), false)
#3 C:\wamp64\www\gestion-hopital\public\index.php(37): CodeIgniter\CodeIgniter->run()
#4 {main}
CRITICAL - 2022-03-28 15:13:20 --> Class "Hermawan\DataTables\DataTable" not found
#0 C:\wamp64\www\gestion-hopital\system\CodeIgniter.php(832): App\Controllers\Dashboard->ajaxDataTables()
#1 C:\wamp64\www\gestion-hopital\system\CodeIgniter.php(419): CodeIgniter\CodeIgniter->runController(Object(App\Controllers\Dashboard))
#2 C:\wamp64\www\gestion-hopital\system\CodeIgniter.php(326): CodeIgniter\CodeIgniter->handleRequest(NULL, Object(Config\Cache), false)
#3 C:\wamp64\www\gestion-hopital\public\index.php(37): CodeIgniter\CodeIgniter->run()
#4 {main}
CRITICAL - 2022-03-28 15:14:30 --> Class "Hermawan\DataTables\DataTable" not found
#0 C:\wamp64\www\gestion-hopital\system\CodeIgniter.php(832): App\Controllers\Dashboard->ajaxDataTables()
#1 C:\wamp64\www\gestion-hopital\system\CodeIgniter.php(419): CodeIgniter\CodeIgniter->runController(Object(App\Controllers\Dashboard))
#2 C:\wamp64\www\gestion-hopital\system\CodeIgniter.php(326): CodeIgniter\CodeIgniter->handleRequest(NULL, Object(Config\Cache), false)
#3 C:\wamp64\www\gestion-hopital\public\index.php(37): CodeIgniter\CodeIgniter->run()
#4 {main}
CRITICAL - 2022-03-28 15:19:43 --> Class "Hermawan\DataTables\DataTable" not found
#0 C:\wamp64\www\gestion-hopital\system\CodeIgniter.php(832): App\Controllers\Dashboard->ajaxDataTables()
#1 C:\wamp64\www\gestion-hopital\system\CodeIgniter.php(419): CodeIgniter\CodeIgniter->runController(Object(App\Controllers\Dashboard))
#2 C:\wamp64\www\gestion-hopital\system\CodeIgniter.php(326): CodeIgniter\CodeIgniter->handleRequest(NULL, Object(Config\Cache), false)
#3 C:\wamp64\www\gestion-hopital\public\index.php(37): CodeIgniter\CodeIgniter->run()
#4 {main}
CRITICAL - 2022-03-28 15:19:53 --> Class "Hermawan\DataTables\DataTable" not found
#0 C:\wamp64\www\gestion-hopital\system\CodeIgniter.php(832): App\Controllers\Dashboard->ajaxDataTables()
#1 C:\wamp64\www\gestion-hopital\system\CodeIgniter.php(419): CodeIgniter\CodeIgniter->runController(Object(App\Controllers\Dashboard))
#2 C:\wamp64\www\gestion-hopital\system\CodeIgniter.php(326): CodeIgniter\CodeIgniter->handleRequest(NULL, Object(Config\Cache), false)
#3 C:\wamp64\www\gestion-hopital\public\index.php(37): CodeIgniter\CodeIgniter->run()
#4 {main}
CRITICAL - 2022-03-28 15:20:40 --> Class "Hermawan\DataTables\DataTable" not found
#0 C:\wamp64\www\gestion-hopital\system\CodeIgniter.php(832): App\Controllers\Dashboard->ajaxDataTables()
#1 C:\wamp64\www\gestion-hopital\system\CodeIgniter.php(419): CodeIgniter\CodeIgniter->runController(Object(App\Controllers\Dashboard))
#2 C:\wamp64\www\gestion-hopital\system\CodeIgniter.php(326): CodeIgniter\CodeIgniter->handleRequest(NULL, Object(Config\Cache), false)
#3 C:\wamp64\www\gestion-hopital\public\index.php(37): CodeIgniter\CodeIgniter->run()
#4 {main}
CRITICAL - 2022-03-28 15:21:27 --> Class "Hermawan\DataTables\DataTable" not found
#0 C:\wamp64\www\gestion-hopital\system\CodeIgniter.php(832): App\Controllers\Dashboard->ajaxDataTables()
#1 C:\wamp64\www\gestion-hopital\system\CodeIgniter.php(419): CodeIgniter\CodeIgniter->runController(Object(App\Controllers\Dashboard))
#2 C:\wamp64\www\gestion-hopital\system\CodeIgniter.php(326): CodeIgniter\CodeIgniter->handleRequest(NULL, Object(Config\Cache), false)
#3 C:\wamp64\www\gestion-hopital\public\index.php(37): CodeIgniter\CodeIgniter->run()
#4 {main}
CRITICAL - 2022-03-28 15:21:33 --> Class "Hermawan\DataTables\DataTable" not found
#0 C:\wamp64\www\gestion-hopital\system\CodeIgniter.php(832): App\Controllers\Dashboard->ajaxDataTables()
#1 C:\wamp64\www\gestion-hopital\system\CodeIgniter.php(419): CodeIgniter\CodeIgniter->runController(Object(App\Controllers\Dashboard))
#2 C:\wamp64\www\gestion-hopital\system\CodeIgniter.php(326): CodeIgniter\CodeIgniter->handleRequest(NULL, Object(Config\Cache), false)
#3 C:\wamp64\www\gestion-hopital\public\index.php(37): CodeIgniter\CodeIgniter->run()
#4 {main}
CRITICAL - 2022-03-28 15:21:46 --> Class "Hermawan\DataTables\DataTable" not found
#0 C:\wamp64\www\gestion-hopital\system\CodeIgniter.php(832): App\Controllers\Dashboard->ajaxDataTables()
#1 C:\wamp64\www\gestion-hopital\system\CodeIgniter.php(419): CodeIgniter\CodeIgniter->runController(Object(App\Controllers\Dashboard))
#2 C:\wamp64\www\gestion-hopital\system\CodeIgniter.php(326): CodeIgniter\CodeIgniter->handleRequest(NULL, Object(Config\Cache), false)
#3 C:\wamp64\www\gestion-hopital\public\index.php(37): CodeIgniter\CodeIgniter->run()
#4 {main}
CRITICAL - 2022-03-28 15:22:54 --> Class "Hermawan\DataTables\DataTable" not found
#0 C:\wamp64\www\gestion-hopital\system\CodeIgniter.php(832): App\Controllers\Dashboard->ajaxDataTables()
#1 C:\wamp64\www\gestion-hopital\system\CodeIgniter.php(419): CodeIgniter\CodeIgniter->runController(Object(App\Controllers\Dashboard))
#2 C:\wamp64\www\gestion-hopital\system\CodeIgniter.php(326): CodeIgniter\CodeIgniter->handleRequest(NULL, Object(Config\Cache), false)
#3 C:\wamp64\www\gestion-hopital\public\index.php(37): CodeIgniter\CodeIgniter->run()
#4 {main}
CRITICAL - 2022-03-28 15:23:03 --> Class "Hermawan\DataTables\DataTable" not found
#0 C:\wamp64\www\gestion-hopital\system\CodeIgniter.php(832): App\Controllers\Dashboard->ajaxDataTables()
#1 C:\wamp64\www\gestion-hopital\system\CodeIgniter.php(419): CodeIgniter\CodeIgniter->runController(Object(App\Controllers\Dashboard))
#2 C:\wamp64\www\gestion-hopital\system\CodeIgniter.php(326): CodeIgniter\CodeIgniter->handleRequest(NULL, Object(Config\Cache), false)
#3 C:\wamp64\www\gestion-hopital\public\index.php(37): CodeIgniter\CodeIgniter->run()
#4 {main}
CRITICAL - 2022-03-28 15:24:18 --> Class "Hermawan\DataTables\DataTable" not found
#0 C:\wamp64\www\gestion-hopital\system\CodeIgniter.php(832): App\Controllers\Dashboard->search()
#1 C:\wamp64\www\gestion-hopital\system\CodeIgniter.php(419): CodeIgniter\CodeIgniter->runController(Object(App\Controllers\Dashboard))
#2 C:\wamp64\www\gestion-hopital\system\CodeIgniter.php(326): CodeIgniter\CodeIgniter->handleRequest(NULL, Object(Config\Cache), false)
#3 C:\wamp64\www\gestion-hopital\public\index.php(37): CodeIgniter\CodeIgniter->run()
#4 {main}
CRITICAL - 2022-03-28 15:24:33 --> Class "Hermawan\DataTables\DataTable" not found
#0 C:\wamp64\www\gestion-hopital\system\CodeIgniter.php(832): App\Controllers\Dashboard->search()
#1 C:\wamp64\www\gestion-hopital\system\CodeIgniter.php(419): CodeIgniter\CodeIgniter->runController(Object(App\Controllers\Dashboard))
#2 C:\wamp64\www\gestion-hopital\system\CodeIgniter.php(326): CodeIgniter\CodeIgniter->handleRequest(NULL, Object(Config\Cache), false)
#3 C:\wamp64\www\gestion-hopital\public\index.php(37): CodeIgniter\CodeIgniter->run()
#4 {main}
CRITICAL - 2022-03-28 15:24:41 --> Class "Hermawan\DataTables\DataTable" not found
#0 C:\wamp64\www\gestion-hopital\system\CodeIgniter.php(832): App\Controllers\Dashboard->search()
#1 C:\wamp64\www\gestion-hopital\system\CodeIgniter.php(419): CodeIgniter\CodeIgniter->runController(Object(App\Controllers\Dashboard))
#2 C:\wamp64\www\gestion-hopital\system\CodeIgniter.php(326): CodeIgniter\CodeIgniter->handleRequest(NULL, Object(Config\Cache), false)
#3 C:\wamp64\www\gestion-hopital\public\index.php(37): CodeIgniter\CodeIgniter->run()
#4 {main}
CRITICAL - 2022-03-28 15:25:00 --> Class "Hermawan\DataTables\DataTable" not found
#0 C:\wamp64\www\gestion-hopital\system\CodeIgniter.php(832): App\Controllers\Dashboard->search()
#1 C:\wamp64\www\gestion-hopital\system\CodeIgniter.php(419): CodeIgniter\CodeIgniter->runController(Object(App\Controllers\Dashboard))
#2 C:\wamp64\www\gestion-hopital\system\CodeIgniter.php(326): CodeIgniter\CodeIgniter->handleRequest(NULL, Object(Config\Cache), false)
#3 C:\wamp64\www\gestion-hopital\public\index.php(37): CodeIgniter\CodeIgniter->run()
#4 {main}
CRITICAL - 2022-03-28 15:25:02 --> Class "Hermawan\DataTables\DataTable" not found
#0 C:\wamp64\www\gestion-hopital\system\CodeIgniter.php(832): App\Controllers\Dashboard->search()
#1 C:\wamp64\www\gestion-hopital\system\CodeIgniter.php(419): CodeIgniter\CodeIgniter->runController(Object(App\Controllers\Dashboard))
#2 C:\wamp64\www\gestion-hopital\system\CodeIgniter.php(326): CodeIgniter\CodeIgniter->handleRequest(NULL, Object(Config\Cache), false)
#3 C:\wamp64\www\gestion-hopital\public\index.php(37): CodeIgniter\CodeIgniter->run()
#4 {main}
CRITICAL - 2022-03-28 15:25:41 --> Class "Hermawan\DataTables\DataTable" not found
#0 C:\wamp64\www\gestion-hopital\system\CodeIgniter.php(832): App\Controllers\Dashboard->search()
#1 C:\wamp64\www\gestion-hopital\system\CodeIgniter.php(419): CodeIgniter\CodeIgniter->runController(Object(App\Controllers\Dashboard))
#2 C:\wamp64\www\gestion-hopital\system\CodeIgniter.php(326): CodeIgniter\CodeIgniter->handleRequest(NULL, Object(Config\Cache), false)
#3 C:\wamp64\www\gestion-hopital\public\index.php(37): CodeIgniter\CodeIgniter->run()
#4 {main}
CRITICAL - 2022-03-28 15:25:43 --> Class "Hermawan\DataTables\DataTable" not found
#0 C:\wamp64\www\gestion-hopital\system\CodeIgniter.php(832): App\Controllers\Dashboard->search()
#1 C:\wamp64\www\gestion-hopital\system\CodeIgniter.php(419): CodeIgniter\CodeIgniter->runController(Object(App\Controllers\Dashboard))
#2 C:\wamp64\www\gestion-hopital\system\CodeIgniter.php(326): CodeIgniter\CodeIgniter->handleRequest(NULL, Object(Config\Cache), false)
#3 C:\wamp64\www\gestion-hopital\public\index.php(37): CodeIgniter\CodeIgniter->run()
#4 {main}
CRITICAL - 2022-03-28 15:25:52 --> Class "Hermawan\DataTables\DataTable" not found
#0 C:\wamp64\www\gestion-hopital\system\CodeIgniter.php(832): App\Controllers\Dashboard->search()
#1 C:\wamp64\www\gestion-hopital\system\CodeIgniter.php(419): CodeIgniter\CodeIgniter->runController(Object(App\Controllers\Dashboard))
#2 C:\wamp64\www\gestion-hopital\system\CodeIgniter.php(326): CodeIgniter\CodeIgniter->handleRequest(NULL, Object(Config\Cache), false)
#3 C:\wamp64\www\gestion-hopital\public\index.php(37): CodeIgniter\CodeIgniter->run()
#4 {main}
CRITICAL - 2022-03-28 15:26:17 --> Class "Hermawan\DataTables\DataTable" not found
#0 C:\wamp64\www\gestion-hopital\system\CodeIgniter.php(832): App\Controllers\Dashboard->search()
#1 C:\wamp64\www\gestion-hopital\system\CodeIgniter.php(419): CodeIgniter\CodeIgniter->runController(Object(App\Controllers\Dashboard))
#2 C:\wamp64\www\gestion-hopital\system\CodeIgniter.php(326): CodeIgniter\CodeIgniter->handleRequest(NULL, Object(Config\Cache), false)
#3 C:\wamp64\www\gestion-hopital\public\index.php(37): CodeIgniter\CodeIgniter->run()
#4 {main}
CRITICAL - 2022-03-28 15:26:18 --> Class "Hermawan\DataTables\DataTable" not found
#0 C:\wamp64\www\gestion-hopital\system\CodeIgniter.php(832): App\Controllers\Dashboard->search()
#1 C:\wamp64\www\gestion-hopital\system\CodeIgniter.php(419): CodeIgniter\CodeIgniter->runController(Object(App\Controllers\Dashboard))
#2 C:\wamp64\www\gestion-hopital\system\CodeIgniter.php(326): CodeIgniter\CodeIgniter->handleRequest(NULL, Object(Config\Cache), false)
#3 C:\wamp64\www\gestion-hopital\public\index.php(37): CodeIgniter\CodeIgniter->run()
#4 {main}
CRITICAL - 2022-03-28 15:26:21 --> Class "Hermawan\DataTables\DataTable" not found
#0 C:\wamp64\www\gestion-hopital\system\CodeIgniter.php(832): App\Controllers\Dashboard->search()
#1 C:\wamp64\www\gestion-hopital\system\CodeIgniter.php(419): CodeIgniter\CodeIgniter->runController(Object(App\Controllers\Dashboard))
#2 C:\wamp64\www\gestion-hopital\system\CodeIgniter.php(326): CodeIgniter\CodeIgniter->handleRequest(NULL, Object(Config\Cache), false)
#3 C:\wamp64\www\gestion-hopital\public\index.php(37): CodeIgniter\CodeIgniter->run()
#4 {main}
CRITICAL - 2022-03-28 15:27:02 --> Class "Hermawan\DataTables\DataTable" not found
#0 C:\wamp64\www\gestion-hopital\system\CodeIgniter.php(832): App\Controllers\Dashboard->searching()
#1 C:\wamp64\www\gestion-hopital\system\CodeIgniter.php(419): CodeIgniter\CodeIgniter->runController(Object(App\Controllers\Dashboard))
#2 C:\wamp64\www\gestion-hopital\system\CodeIgniter.php(326): CodeIgniter\CodeIgniter->handleRequest(NULL, Object(Config\Cache), false)
#3 C:\wamp64\www\gestion-hopital\public\index.php(37): CodeIgniter\CodeIgniter->run()
#4 {main}
CRITICAL - 2022-03-28 15:27:04 --> Class "Hermawan\DataTables\DataTable" not found
#0 C:\wamp64\www\gestion-hopital\system\CodeIgniter.php(832): App\Controllers\Dashboard->searching()
#1 C:\wamp64\www\gestion-hopital\system\CodeIgniter.php(419): CodeIgniter\CodeIgniter->runController(Object(App\Controllers\Dashboard))
#2 C:\wamp64\www\gestion-hopital\system\CodeIgniter.php(326): CodeIgniter\CodeIgniter->handleRequest(NULL, Object(Config\Cache), false)
#3 C:\wamp64\www\gestion-hopital\public\index.php(37): CodeIgniter\CodeIgniter->run()
#4 {main}
CRITICAL - 2022-03-28 15:27:35 --> Class "Hermawan\DataTables\DataTable" not found
#0 C:\wamp64\www\gestion-hopital\system\CodeIgniter.php(832): App\Controllers\Dashboard->searching()
#1 C:\wamp64\www\gestion-hopital\system\CodeIgniter.php(419): CodeIgniter\CodeIgniter->runController(Object(App\Controllers\Dashboard))
#2 C:\wamp64\www\gestion-hopital\system\CodeIgniter.php(326): CodeIgniter\CodeIgniter->handleRequest(NULL, Object(Config\Cache), false)
#3 C:\wamp64\www\gestion-hopital\public\index.php(37): CodeIgniter\CodeIgniter->run()
#4 {main}
CRITICAL - 2022-03-28 15:27:53 --> Class "Hermawan\DataTables\DataTable" not found
#0 C:\wamp64\www\gestion-hopital\system\CodeIgniter.php(832): App\Controllers\Dashboard->searching()
#1 C:\wamp64\www\gestion-hopital\system\CodeIgniter.php(419): CodeIgniter\CodeIgniter->runController(Object(App\Controllers\Dashboard))
#2 C:\wamp64\www\gestion-hopital\system\CodeIgniter.php(326): CodeIgniter\CodeIgniter->handleRequest(NULL, Object(Config\Cache), false)
#3 C:\wamp64\www\gestion-hopital\public\index.php(37): CodeIgniter\CodeIgniter->run()
#4 {main}
CRITICAL - 2022-03-28 15:28:38 --> Undefined variable $routes
#0 C:\wamp64\www\gestion-hopital\app\Controllers\Dashboard.php(12): CodeIgniter\Debug\Exceptions->errorHandler(2, 'Undefined varia...', 'C:\\wamp64\\www\\g...', 12)
#1 C:\wamp64\www\gestion-hopital\system\CodeIgniter.php(832): App\Controllers\Dashboard->index()
#2 C:\wamp64\www\gestion-hopital\system\CodeIgniter.php(419): CodeIgniter\CodeIgniter->runController(Object(App\Controllers\Dashboard))
#3 C:\wamp64\www\gestion-hopital\system\CodeIgniter.php(326): CodeIgniter\CodeIgniter->handleRequest(NULL, Object(Config\Cache), false)
#4 C:\wamp64\www\gestion-hopital\public\index.php(37): CodeIgniter\CodeIgniter->run()
#5 {main}
CRITICAL - 2022-03-28 15:28:47 --> Undefined variable $routes
#0 C:\wamp64\www\gestion-hopital\app\Controllers\Dashboard.php(12): CodeIgniter\Debug\Exceptions->errorHandler(2, 'Undefined varia...', 'C:\\wamp64\\www\\g...', 12)
#1 C:\wamp64\www\gestion-hopital\system\CodeIgniter.php(832): App\Controllers\Dashboard->index()
#2 C:\wamp64\www\gestion-hopital\system\CodeIgniter.php(419): CodeIgniter\CodeIgniter->runController(Object(App\Controllers\Dashboard))
#3 C:\wamp64\www\gestion-hopital\system\CodeIgniter.php(326): CodeIgniter\CodeIgniter->handleRequest(NULL, Object(Config\Cache), false)
#4 C:\wamp64\www\gestion-hopital\public\index.php(37): CodeIgniter\CodeIgniter->run()
#5 {main}
CRITICAL - 2022-03-28 15:28:59 --> syntax error, unexpected token "(", expecting identifier or variable or "{" or "$"
#0 C:\wamp64\www\gestion-hopital\system\Autoloader\Autoloader.php(241): CodeIgniter\Autoloader\Autoloader->includeFile('C:\\wamp64\\www\\g...')
#1 C:\wamp64\www\gestion-hopital\system\Autoloader\Autoloader.php(219): CodeIgniter\Autoloader\Autoloader->loadInNamespace('App\\Controllers...')
#2 [internal function]: CodeIgniter\Autoloader\Autoloader->loadClass('App\\Controllers...')
#3 C:\wamp64\www\gestion-hopital\system\CodeIgniter.php(797): class_exists('\\App\\Controller...', true)
#4 C:\wamp64\www\gestion-hopital\system\CodeIgniter.php(406): CodeIgniter\CodeIgniter->startController()
#5 C:\wamp64\www\gestion-hopital\system\CodeIgniter.php(326): CodeIgniter\CodeIgniter->handleRequest(NULL, Object(Config\Cache), false)
#6 C:\wamp64\www\gestion-hopital\public\index.php(37): CodeIgniter\CodeIgniter->run()
#7 {main}
CRITICAL - 2022-03-28 15:29:42 --> Class "Hermawan\DataTables\DataTable" not found
#0 C:\wamp64\www\gestion-hopital\system\CodeIgniter.php(832): App\Controllers\Dashboard->searching()
#1 C:\wamp64\www\gestion-hopital\system\CodeIgniter.php(419): CodeIgniter\CodeIgniter->runController(Object(App\Controllers\Dashboard))
#2 C:\wamp64\www\gestion-hopital\system\CodeIgniter.php(326): CodeIgniter\CodeIgniter->handleRequest(NULL, Object(Config\Cache), false)
#3 C:\wamp64\www\gestion-hopital\public\index.php(37): CodeIgniter\CodeIgniter->run()
#4 {main}
CRITICAL - 2022-03-28 15:30:16 --> Class "Hermawan\DataTables\DataTable" not found
#0 C:\wamp64\www\gestion-hopital\system\CodeIgniter.php(832): App\Controllers\Dashboard->search()
#1 C:\wamp64\www\gestion-hopital\system\CodeIgniter.php(419): CodeIgniter\CodeIgniter->runController(Object(App\Controllers\Dashboard))
#2 C:\wamp64\www\gestion-hopital\system\CodeIgniter.php(326): CodeIgniter\CodeIgniter->handleRequest(NULL, Object(Config\Cache), false)
#3 C:\wamp64\www\gestion-hopital\public\index.php(37): CodeIgniter\CodeIgniter->run()
#4 {main}
CRITICAL - 2022-03-28 15:30:28 --> Class "Hermawan\DataTables\DataTable" not found
#0 C:\wamp64\www\gestion-hopital\system\CodeIgniter.php(832): App\Controllers\Dashboard->search()
#1 C:\wamp64\www\gestion-hopital\system\CodeIgniter.php(419): CodeIgniter\CodeIgniter->runController(Object(App\Controllers\Dashboard))
#2 C:\wamp64\www\gestion-hopital\system\CodeIgniter.php(326): CodeIgniter\CodeIgniter->handleRequest(NULL, Object(Config\Cache), false)
#3 C:\wamp64\www\gestion-hopital\public\index.php(37): CodeIgniter\CodeIgniter->run()
#4 {main}
CRITICAL - 2022-03-28 15:31:41 --> Class "Hermawan\DataTables\DataTable" not found
#0 C:\wamp64\www\gestion-hopital\system\CodeIgniter.php(832): App\Controllers\Dashboard->search()
#1 C:\wamp64\www\gestion-hopital\system\CodeIgniter.php(419): CodeIgniter\CodeIgniter->runController(Object(App\Controllers\Dashboard))
#2 C:\wamp64\www\gestion-hopital\system\CodeIgniter.php(326): CodeIgniter\CodeIgniter->handleRequest(NULL, Object(Config\Cache), false)
#3 C:\wamp64\www\gestion-hopital\public\index.php(37): CodeIgniter\CodeIgniter->run()
#4 {main}
CRITICAL - 2022-03-28 15:32:41 --> Class "Hermawan\DataTables\DataTable" not found
#0 C:\wamp64\www\gestion-hopital\system\CodeIgniter.php(832): App\Controllers\Dashboard->search()
#1 C:\wamp64\www\gestion-hopital\system\CodeIgniter.php(419): CodeIgniter\CodeIgniter->runController(Object(App\Controllers\Dashboard))
#2 C:\wamp64\www\gestion-hopital\system\CodeIgniter.php(326): CodeIgniter\CodeIgniter->handleRequest(NULL, Object(Config\Cache), false)
#3 C:\wamp64\www\gestion-hopital\public\index.php(37): CodeIgniter\CodeIgniter->run()
#4 {main}
CRITICAL - 2022-03-28 15:32:44 --> Class "Hermawan\DataTables\DataTable" not found
#0 C:\wamp64\www\gestion-hopital\system\CodeIgniter.php(832): App\Controllers\Dashboard->search()
#1 C:\wamp64\www\gestion-hopital\system\CodeIgniter.php(419): CodeIgniter\CodeIgniter->runController(Object(App\Controllers\Dashboard))
#2 C:\wamp64\www\gestion-hopital\system\CodeIgniter.php(326): CodeIgniter\CodeIgniter->handleRequest(NULL, Object(Config\Cache), false)
#3 C:\wamp64\www\gestion-hopital\public\index.php(37): CodeIgniter\CodeIgniter->run()
#4 {main}
CRITICAL - 2022-03-28 15:32:50 --> Class "Hermawan\DataTables\DataTable" not found
#0 C:\wamp64\www\gestion-hopital\system\CodeIgniter.php(832): App\Controllers\Dashboard->search()
#1 C:\wamp64\www\gestion-hopital\system\CodeIgniter.php(419): CodeIgniter\CodeIgniter->runController(Object(App\Controllers\Dashboard))
#2 C:\wamp64\www\gestion-hopital\system\CodeIgniter.php(326): CodeIgniter\CodeIgniter->handleRequest(NULL, Object(Config\Cache), false)
#3 C:\wamp64\www\gestion-hopital\public\index.php(37): CodeIgniter\CodeIgniter->run()
#4 {main}
CRITICAL - 2022-03-28 15:33:03 --> Class "Hermawan\DataTables\DataTable" not found
#0 C:\wamp64\www\gestion-hopital\system\CodeIgniter.php(832): App\Controllers\Dashboard->search()
#1 C:\wamp64\www\gestion-hopital\system\CodeIgniter.php(419): CodeIgniter\CodeIgniter->runController(Object(App\Controllers\Dashboard))
#2 C:\wamp64\www\gestion-hopital\system\CodeIgniter.php(326): CodeIgniter\CodeIgniter->handleRequest(NULL, Object(Config\Cache), false)
#3 C:\wamp64\www\gestion-hopital\public\index.php(37): CodeIgniter\CodeIgniter->run()
#4 {main}
CRITICAL - 2022-03-28 15:36:39 --> Class "Hermawan\DataTables\DataTable" not found
#0 C:\wamp64\www\gestion-hopital\system\CodeIgniter.php(832): App\Controllers\Dashboard->search()
#1 C:\wamp64\www\gestion-hopital\system\CodeIgniter.php(419): CodeIgniter\CodeIgniter->runController(Object(App\Controllers\Dashboard))
#2 C:\wamp64\www\gestion-hopital\system\CodeIgniter.php(326): CodeIgniter\CodeIgniter->handleRequest(NULL, Object(Config\Cache), false)
#3 C:\wamp64\www\gestion-hopital\public\index.php(37): CodeIgniter\CodeIgniter->run()
#4 {main}
CRITICAL - 2022-03-28 15:36:44 --> Class "Hermawan\DataTables\DataTable" not found
#0 C:\wamp64\www\gestion-hopital\system\CodeIgniter.php(832): App\Controllers\Dashboard->search()
#1 C:\wamp64\www\gestion-hopital\system\CodeIgniter.php(419): CodeIgniter\CodeIgniter->runController(Object(App\Controllers\Dashboard))
#2 C:\wamp64\www\gestion-hopital\system\CodeIgniter.php(326): CodeIgniter\CodeIgniter->handleRequest(NULL, Object(Config\Cache), false)
#3 C:\wamp64\www\gestion-hopital\public\index.php(37): CodeIgniter\CodeIgniter->run()
#4 {main}
CRITICAL - 2022-03-28 15:37:34 --> Class "Hermawan\DataTables\DataTable" not found
#0 C:\wamp64\www\gestion-hopital\system\CodeIgniter.php(832): App\Controllers\Dashboard->search()
#1 C:\wamp64\www\gestion-hopital\system\CodeIgniter.php(419): CodeIgniter\CodeIgniter->runController(Object(App\Controllers\Dashboard))
#2 C:\wamp64\www\gestion-hopital\system\CodeIgniter.php(326): CodeIgniter\CodeIgniter->handleRequest(NULL, Object(Config\Cache), false)
#3 C:\wamp64\www\gestion-hopital\public\index.php(37): CodeIgniter\CodeIgniter->run()
#4 {main}
CRITICAL - 2022-03-28 15:38:15 --> Class "Hermawan\DataTables\DataTable" not found
#0 C:\wamp64\www\gestion-hopital\system\CodeIgniter.php(832): App\Controllers\Dashboard->search()
#1 C:\wamp64\www\gestion-hopital\system\CodeIgniter.php(419): CodeIgniter\CodeIgniter->runController(Object(App\Controllers\Dashboard))
#2 C:\wamp64\www\gestion-hopital\system\CodeIgniter.php(326): CodeIgniter\CodeIgniter->handleRequest(NULL, Object(Config\Cache), false)
#3 C:\wamp64\www\gestion-hopital\public\index.php(37): CodeIgniter\CodeIgniter->run()
#4 {main}
