ERROR - 2022-04-01 10:49:35 --> Error connecting to the database: Aucune connexion n’a pu être établie car l’ordinateur cible l’a expressément refusée
CRITICAL - 2022-04-01 10:49:35 --> Unable to connect to the database.
Main connection [MySQLi]: Aucune connexion n’a pu être établie car l’ordinateur cible l’a expressément refusée
#0 C:\wamp64\www\gestion-hopital\system\Database\BaseConnection.php(577): CodeIgniter\Database\BaseConnection->initialize()
#1 C:\wamp64\www\gestion-hopital\system\Database\BaseBuilder.php(1455): CodeIgniter\Database\BaseConnection->query('SELECT *\nFROM `...', Array, false)
#2 C:\wamp64\www\gestion-hopital\system\Model.php(210): CodeIgniter\Database\BaseBuilder->get()
#3 C:\wamp64\www\gestion-hopital\system\BaseModel.php(622): CodeIgniter\Model->doFirst()
#4 C:\wamp64\www\gestion-hopital\app\Controllers\Login.php(22): CodeIgniter\BaseModel->first()
#5 C:\wamp64\www\gestion-hopital\system\CodeIgniter.php(832): App\Controllers\Login->auth()
#6 C:\wamp64\www\gestion-hopital\system\CodeIgniter.php(419): CodeIgniter\CodeIgniter->runController(Object(App\Controllers\Login))
#7 C:\wamp64\www\gestion-hopital\system\CodeIgniter.php(326): CodeIgniter\CodeIgniter->handleRequest(NULL, Object(Config\Cache), false)
#8 C:\wamp64\www\gestion-hopital\public\index.php(37): CodeIgniter\CodeIgniter->run()
#9 C:\wamp64\www\gestion-hopital\system\Commands\Server\rewrite.php(43): require_once('C:\\wamp64\\www\\g...')
#10 {main}
ERROR - 2022-04-01 10:51:15 --> Error connecting to the database: Aucune connexion n’a pu être établie car l’ordinateur cible l’a expressément refusée
CRITICAL - 2022-04-01 10:51:15 --> Unable to connect to the database.
Main connection [MySQLi]: Aucune connexion n’a pu être établie car l’ordinateur cible l’a expressément refusée
#0 C:\wamp64\www\gestion-hopital\system\Database\BaseConnection.php(577): CodeIgniter\Database\BaseConnection->initialize()
#1 C:\wamp64\www\gestion-hopital\system\Database\BaseBuilder.php(1455): CodeIgniter\Database\BaseConnection->query('SELECT *\nFROM `...', Array, false)
#2 C:\wamp64\www\gestion-hopital\system\Model.php(210): CodeIgniter\Database\BaseBuilder->get()
#3 C:\wamp64\www\gestion-hopital\system\BaseModel.php(622): CodeIgniter\Model->doFirst()
#4 C:\wamp64\www\gestion-hopital\app\Controllers\Login.php(22): CodeIgniter\BaseModel->first()
#5 C:\wamp64\www\gestion-hopital\system\CodeIgniter.php(832): App\Controllers\Login->auth()
#6 C:\wamp64\www\gestion-hopital\system\CodeIgniter.php(419): CodeIgniter\CodeIgniter->runController(Object(App\Controllers\Login))
#7 C:\wamp64\www\gestion-hopital\system\CodeIgniter.php(326): CodeIgniter\CodeIgniter->handleRequest(NULL, Object(Config\Cache), false)
#8 C:\wamp64\www\gestion-hopital\public\index.php(37): CodeIgniter\CodeIgniter->run()
#9 C:\wamp64\www\gestion-hopital\system\Commands\Server\rewrite.php(43): require_once('C:\\wamp64\\www\\g...')
#10 {main}
