CRITICAL - 2022-03-29 12:50:46 --> Class "Hermawan\DataTables\DataTable" not found
#0 C:\wamp64\www\gestion-hopital\system\CodeIgniter.php(832): App\Controllers\Dashboard->search()
#1 C:\wamp64\www\gestion-hopital\system\CodeIgniter.php(419): CodeIgniter\CodeIgniter->runController(Object(App\Controllers\Dashboard))
#2 C:\wamp64\www\gestion-hopital\system\CodeIgniter.php(326): CodeIgniter\CodeIgniter->handleRequest(NULL, Object(Config\Cache), false)
#3 C:\wamp64\www\gestion-hopital\public\index.php(37): CodeIgniter\CodeIgniter->run()
#4 {main}
CRITICAL - 2022-03-29 12:53:01 --> Class "Hermawan\DataTables\DataTable" not found
#0 C:\wamp64\www\gestion-hopital\system\CodeIgniter.php(832): App\Controllers\Dashboard->search()
#1 C:\wamp64\www\gestion-hopital\system\CodeIgniter.php(419): CodeIgniter\CodeIgniter->runController(Object(App\Controllers\Dashboard))
#2 C:\wamp64\www\gestion-hopital\system\CodeIgniter.php(326): CodeIgniter\CodeIgniter->handleRequest(NULL, Object(Config\Cache), false)
#3 C:\wamp64\www\gestion-hopital\public\index.php(37): CodeIgniter\CodeIgniter->run()
#4 {main}
CRITICAL - 2022-03-29 12:58:00 --> Class "Hermawan\DataTables\DataTable" not found
#0 C:\wamp64\www\gestion-hopital\system\CodeIgniter.php(832): App\Controllers\Dashboard->search()
#1 C:\wamp64\www\gestion-hopital\system\CodeIgniter.php(419): CodeIgniter\CodeIgniter->runController(Object(App\Controllers\Dashboard))
#2 C:\wamp64\www\gestion-hopital\system\CodeIgniter.php(326): CodeIgniter\CodeIgniter->handleRequest(NULL, Object(Config\Cache), false)
#3 C:\wamp64\www\gestion-hopital\public\index.php(37): CodeIgniter\CodeIgniter->run()
#4 {main}
CRITICAL - 2022-03-29 12:59:16 --> Class "Hermawan\DataTables\DataTable" not found
#0 C:\wamp64\www\gestion-hopital\system\CodeIgniter.php(832): App\Controllers\Dashboard->search()
#1 C:\wamp64\www\gestion-hopital\system\CodeIgniter.php(419): CodeIgniter\CodeIgniter->runController(Object(App\Controllers\Dashboard))
#2 C:\wamp64\www\gestion-hopital\system\CodeIgniter.php(326): CodeIgniter\CodeIgniter->handleRequest(NULL, Object(Config\Cache), false)
#3 C:\wamp64\www\gestion-hopital\public\index.php(37): CodeIgniter\CodeIgniter->run()
#4 {main}
CRITICAL - 2022-03-29 12:59:40 --> Class "Hermawan\DataTables\DataTable" not found
#0 C:\wamp64\www\gestion-hopital\system\CodeIgniter.php(832): App\Controllers\Dashboard->search()
#1 C:\wamp64\www\gestion-hopital\system\CodeIgniter.php(419): CodeIgniter\CodeIgniter->runController(Object(App\Controllers\Dashboard))
#2 C:\wamp64\www\gestion-hopital\system\CodeIgniter.php(326): CodeIgniter\CodeIgniter->handleRequest(NULL, Object(Config\Cache), false)
#3 C:\wamp64\www\gestion-hopital\public\index.php(37): CodeIgniter\CodeIgniter->run()
#4 {main}
CRITICAL - 2022-03-29 13:01:03 --> Class "Hermawan\DataTables\DataTable" not found
#0 C:\wamp64\www\gestion-hopital\system\CodeIgniter.php(832): App\Controllers\Dashboard->search()
#1 C:\wamp64\www\gestion-hopital\system\CodeIgniter.php(419): CodeIgniter\CodeIgniter->runController(Object(App\Controllers\Dashboard))
#2 C:\wamp64\www\gestion-hopital\system\CodeIgniter.php(326): CodeIgniter\CodeIgniter->handleRequest(NULL, Object(Config\Cache), false)
#3 C:\wamp64\www\gestion-hopital\public\index.php(37): CodeIgniter\CodeIgniter->run()
#4 {main}
CRITICAL - 2022-03-29 13:02:44 --> Class "Hermawan\DataTables\DataTable" not found
#0 C:\wamp64\www\gestion-hopital\system\CodeIgniter.php(832): App\Controllers\Dashboard->search()
#1 C:\wamp64\www\gestion-hopital\system\CodeIgniter.php(419): CodeIgniter\CodeIgniter->runController(Object(App\Controllers\Dashboard))
#2 C:\wamp64\www\gestion-hopital\system\CodeIgniter.php(326): CodeIgniter\CodeIgniter->handleRequest(NULL, Object(Config\Cache), false)
#3 C:\wamp64\www\gestion-hopital\public\index.php(37): CodeIgniter\CodeIgniter->run()
#4 {main}
CRITICAL - 2022-03-29 13:03:05 --> Class "Hermawan\DataTables\DataTable" not found
#0 C:\wamp64\www\gestion-hopital\system\CodeIgniter.php(832): App\Controllers\Dashboard->search()
#1 C:\wamp64\www\gestion-hopital\system\CodeIgniter.php(419): CodeIgniter\CodeIgniter->runController(Object(App\Controllers\Dashboard))
#2 C:\wamp64\www\gestion-hopital\system\CodeIgniter.php(326): CodeIgniter\CodeIgniter->handleRequest(NULL, Object(Config\Cache), false)
#3 C:\wamp64\www\gestion-hopital\public\index.php(37): CodeIgniter\CodeIgniter->run()
#4 {main}
CRITICAL - 2022-03-29 13:03:48 --> Class "Hermawan\DataTables\DataTable" not found
#0 C:\wamp64\www\gestion-hopital\system\CodeIgniter.php(832): App\Controllers\Dashboard->search()
#1 C:\wamp64\www\gestion-hopital\system\CodeIgniter.php(419): CodeIgniter\CodeIgniter->runController(Object(App\Controllers\Dashboard))
#2 C:\wamp64\www\gestion-hopital\system\CodeIgniter.php(326): CodeIgniter\CodeIgniter->handleRequest(NULL, Object(Config\Cache), false)
#3 C:\wamp64\www\gestion-hopital\public\index.php(37): CodeIgniter\CodeIgniter->run()
#4 {main}
CRITICAL - 2022-03-29 13:04:36 --> Class "Hermawan\DataTables\DataTable" not found
#0 C:\wamp64\www\gestion-hopital\system\CodeIgniter.php(832): App\Controllers\Dashboard->search()
#1 C:\wamp64\www\gestion-hopital\system\CodeIgniter.php(419): CodeIgniter\CodeIgniter->runController(Object(App\Controllers\Dashboard))
#2 C:\wamp64\www\gestion-hopital\system\CodeIgniter.php(326): CodeIgniter\CodeIgniter->handleRequest(NULL, Object(Config\Cache), false)
#3 C:\wamp64\www\gestion-hopital\public\index.php(37): CodeIgniter\CodeIgniter->run()
#4 {main}
CRITICAL - 2022-03-29 13:16:28 --> Class "Hermawan\DataTables\DataTable" not found
#0 C:\wamp64\www\gestion-hopital\system\CodeIgniter.php(832): App\Controllers\Dashboard->search()
#1 C:\wamp64\www\gestion-hopital\system\CodeIgniter.php(419): CodeIgniter\CodeIgniter->runController(Object(App\Controllers\Dashboard))
#2 C:\wamp64\www\gestion-hopital\system\CodeIgniter.php(326): CodeIgniter\CodeIgniter->handleRequest(NULL, Object(Config\Cache), false)
#3 C:\wamp64\www\gestion-hopital\public\index.php(37): CodeIgniter\CodeIgniter->run()
#4 {main}
